2025-09-20 16:21:06,075 - INFO - Weekend detected — no data saved.
2025-09-20 16:23:06,596 - INFO - Weekend detected — no data saved.
2025-09-20 16:25:07,575 - INFO - Weekend detected — no data saved.
2025-09-20 16:27:08,528 - INFO - Weekend detected — no data saved.
2025-09-20 16:29:09,046 - INFO - Weekend detected — no data saved.
2025-09-20 16:31:09,991 - INFO - Weekend detected — no data saved.
2025-09-20 16:33:10,526 - INFO - Weekend detected — no data saved.
2025-09-20 16:35:11,056 - INFO - Weekend detected — no data saved.
2025-09-20 16:37:11,579 - INFO - Weekend detected — no data saved.
2025-09-20 16:39:12,096 - INFO - Weekend detected — no data saved.
2025-09-20 16:41:13,053 - INFO - Weekend detected — no data saved.
2025-09-20 16:43:14,033 - INFO - Weekend detected — no data saved.
2025-09-20 16:45:14,544 - INFO - Weekend detected — no data saved.
2025-09-20 16:47:15,076 - INFO - Weekend detected — no data saved.
2025-09-20 16:49:15,605 - INFO - Weekend detected — no data saved.
2025-09-20 16:51:16,146 - INFO - Weekend detected — no data saved.
2025-09-20 16:53:16,651 - INFO - Weekend detected — no data saved.
2025-09-20 16:55:17,150 - INFO - Weekend detected — no data saved.
2025-09-20 16:57:17,682 - INFO - Weekend detected — no data saved.
2025-09-20 16:59:18,664 - INFO - Weekend detected — no data saved.
2025-09-20 17:01:19,176 - INFO - Weekend detected — no data saved.
2025-09-20 17:03:19,695 - INFO - Weekend detected — no data saved.
2025-09-20 17:05:20,199 - INFO - Weekend detected — no data saved.
2025-09-20 17:07:20,722 - INFO - Weekend detected — no data saved.
2025-09-20 17:09:21,419 - INFO - Weekend detected — no data saved.
2025-09-20 17:11:21,939 - INFO - Weekend detected — no data saved.
2025-09-20 17:13:22,871 - INFO - Weekend detected — no data saved.
2025-09-20 17:15:23,413 - INFO - Weekend detected — no data saved.
2025-09-20 17:17:23,943 - INFO - Weekend detected — no data saved.
2025-09-20 17:19:24,471 - INFO - Weekend detected — no data saved.
2025-09-20 17:21:24,995 - INFO - Weekend detected — no data saved.
2025-09-20 17:23:25,534 - INFO - Weekend detected — no data saved.
2025-09-20 17:25:26,034 - INFO - Weekend detected — no data saved.
2025-09-20 17:27:26,531 - INFO - Weekend detected — no data saved.
2025-09-20 17:29:27,782 - INFO - Weekend detected — no data saved.
2025-09-20 17:31:28,547 - INFO - Weekend detected — no data saved.
2025-09-20 17:33:29,145 - INFO - Weekend detected — no data saved.
2025-09-20 17:35:29,743 - INFO - Weekend detected — no data saved.
2025-09-20 17:37:30,269 - INFO - Weekend detected — no data saved.
2025-09-20 17:39:30,791 - INFO - Weekend detected — no data saved.
2025-09-20 17:41:31,314 - INFO - Weekend detected — no data saved.
2025-09-20 17:43:31,827 - INFO - Weekend detected — no data saved.
2025-09-20 17:45:32,366 - INFO - Weekend detected — no data saved.
2025-09-20 17:47:32,880 - INFO - Weekend detected — no data saved.
2025-09-20 17:49:33,417 - INFO - Weekend detected — no data saved.
2025-09-20 17:51:33,961 - INFO - Weekend detected — no data saved.
2025-09-20 17:53:34,474 - INFO - Weekend detected — no data saved.
2025-09-20 17:55:34,973 - INFO - Weekend detected — no data saved.
2025-09-20 17:57:35,505 - INFO - Weekend detected — no data saved.
2025-09-20 17:59:36,009 - INFO - Weekend detected — no data saved.
2025-09-20 18:01:36,520 - INFO - Weekend detected — no data saved.
2025-09-20 18:03:37,045 - INFO - Weekend detected — no data saved.
2025-09-20 18:05:37,561 - INFO - Weekend detected — no data saved.
2025-09-20 18:07:38,066 - INFO - Weekend detected — no data saved.
2025-09-20 18:09:38,576 - INFO - Weekend detected — no data saved.
2025-09-20 18:11:39,081 - INFO - Weekend detected — no data saved.
2025-09-20 18:13:39,580 - INFO - Weekend detected — no data saved.
2025-09-20 18:15:40,139 - INFO - Weekend detected — no data saved.
2025-09-20 18:17:40,640 - INFO - Weekend detected — no data saved.
2025-09-20 18:19:41,147 - INFO - Weekend detected — no data saved.
2025-09-20 18:21:41,675 - INFO - Weekend detected — no data saved.
2025-09-20 18:23:42,196 - INFO - Weekend detected — no data saved.
2025-09-20 18:25:42,709 - INFO - Weekend detected — no data saved.
2025-09-20 18:27:43,212 - INFO - Weekend detected — no data saved.
2025-09-20 18:29:43,727 - INFO - Weekend detected — no data saved.
2025-09-20 18:31:44,229 - INFO - Weekend detected — no data saved.
2025-09-20 18:33:44,733 - INFO - Weekend detected — no data saved.
2025-09-20 18:35:45,260 - INFO - Weekend detected — no data saved.
2025-09-20 18:37:45,795 - INFO - Weekend detected — no data saved.
2025-09-20 18:39:46,304 - INFO - Weekend detected — no data saved.
2025-09-20 18:41:46,807 - INFO - Weekend detected — no data saved.
2025-09-20 18:43:47,328 - INFO - Weekend detected — no data saved.
2025-09-20 18:45:47,885 - INFO - Weekend detected — no data saved.
2025-09-20 18:47:48,406 - INFO - Weekend detected — no data saved.
2025-09-20 18:49:48,907 - INFO - Weekend detected — no data saved.
2025-09-20 18:51:49,438 - INFO - Weekend detected — no data saved.
2025-09-20 18:53:49,952 - INFO - Weekend detected — no data saved.
2025-09-20 18:55:50,463 - INFO - Weekend detected — no data saved.
2025-09-20 18:57:50,966 - INFO - Weekend detected — no data saved.
2025-09-20 18:59:51,476 - INFO - Weekend detected — no data saved.
2025-09-20 19:01:52,011 - INFO - Weekend detected — no data saved.
2025-09-20 19:03:52,520 - INFO - Weekend detected — no data saved.
2025-09-20 19:05:53,038 - INFO - Weekend detected — no data saved.
2025-09-20 19:07:53,551 - INFO - Weekend detected — no data saved.
2025-09-20 19:09:54,050 - INFO - Weekend detected — no data saved.
2025-09-20 19:11:54,559 - INFO - Weekend detected — no data saved.
2025-09-20 19:13:55,096 - INFO - Weekend detected — no data saved.
2025-09-20 19:15:55,634 - INFO - Weekend detected — no data saved.
2025-09-20 19:17:56,146 - INFO - Weekend detected — no data saved.
2025-09-20 19:19:56,665 - INFO - Weekend detected — no data saved.
2025-09-20 19:21:57,184 - INFO - Weekend detected — no data saved.
2025-09-20 19:23:57,710 - INFO - Weekend detected — no data saved.
2025-09-20 19:25:58,225 - INFO - Weekend detected — no data saved.
2025-09-20 19:27:58,751 - INFO - Weekend detected — no data saved.
2025-09-20 19:29:59,279 - INFO - Weekend detected — no data saved.
2025-09-20 19:31:59,786 - INFO - Weekend detected — no data saved.
2025-09-20 19:34:00,313 - INFO - Weekend detected — no data saved.
2025-09-20 19:36:00,821 - INFO - Weekend detected — no data saved.
2025-09-20 19:38:01,330 - INFO - Weekend detected — no data saved.
2025-09-20 19:40:01,828 - INFO - Weekend detected — no data saved.
2025-09-20 19:42:02,330 - INFO - Weekend detected — no data saved.
2025-09-20 19:44:02,860 - INFO - Weekend detected — no data saved.
2025-09-20 19:46:03,391 - INFO - Weekend detected — no data saved.
2025-09-20 19:48:03,914 - INFO - Weekend detected — no data saved.
2025-09-20 19:50:04,448 - INFO - Weekend detected — no data saved.
2025-09-20 19:52:04,975 - INFO - Weekend detected — no data saved.
2025-09-20 19:54:05,506 - INFO - Weekend detected — no data saved.
2025-09-20 19:56:06,011 - INFO - Weekend detected — no data saved.
2025-09-20 19:58:06,532 - INFO - Weekend detected — no data saved.
2025-09-20 20:00:07,070 - INFO - Weekend detected — no data saved.
2025-09-20 20:02:07,589 - INFO - Weekend detected — no data saved.
2025-09-20 20:04:08,109 - INFO - Weekend detected — no data saved.
2025-09-20 20:06:08,636 - INFO - Weekend detected — no data saved.
2025-09-20 20:08:09,163 - INFO - Weekend detected — no data saved.
2025-09-20 20:10:09,681 - INFO - Weekend detected — no data saved.
2025-09-20 20:12:10,191 - INFO - Weekend detected — no data saved.
2025-09-20 20:14:10,704 - INFO - Weekend detected — no data saved.
2025-09-20 20:16:11,254 - INFO - Weekend detected — no data saved.
2025-09-20 20:18:11,762 - INFO - Weekend detected — no data saved.
2025-09-20 20:20:12,267 - INFO - Weekend detected — no data saved.
2025-09-20 20:22:12,796 - INFO - Weekend detected — no data saved.
2025-09-20 20:24:13,302 - INFO - Weekend detected — no data saved.
2025-09-20 20:26:13,816 - INFO - Weekend detected — no data saved.
2025-09-20 20:28:14,328 - INFO - Weekend detected — no data saved.
2025-09-20 20:30:14,853 - INFO - Weekend detected — no data saved.
2025-09-20 20:32:15,388 - INFO - Weekend detected — no data saved.
2025-09-20 20:34:15,902 - INFO - Weekend detected — no data saved.
2025-09-20 20:36:16,418 - INFO - Weekend detected — no data saved.
2025-09-20 20:38:16,925 - INFO - Weekend detected — no data saved.
2025-09-20 20:40:17,444 - INFO - Weekend detected — no data saved.
2025-09-20 20:42:17,963 - INFO - Weekend detected — no data saved.
2025-09-20 20:44:18,511 - INFO - Weekend detected — no data saved.
2025-09-20 20:46:19,077 - INFO - Weekend detected — no data saved.
2025-09-20 20:48:19,614 - INFO - Weekend detected — no data saved.
2025-09-20 20:50:20,153 - INFO - Weekend detected — no data saved.
2025-09-20 20:52:20,699 - INFO - Weekend detected — no data saved.
2025-09-20 20:54:21,227 - INFO - Weekend detected — no data saved.
2025-09-20 20:56:21,771 - INFO - Weekend detected — no data saved.
2025-09-20 20:58:22,281 - INFO - Weekend detected — no data saved.
2025-09-20 21:00:22,829 - INFO - Weekend detected — no data saved.
2025-09-20 21:02:23,366 - INFO - Weekend detected — no data saved.
2025-09-20 21:04:23,881 - INFO - Weekend detected — no data saved.
2025-09-20 21:06:24,415 - INFO - Weekend detected — no data saved.
2025-09-20 21:08:24,941 - INFO - Weekend detected — no data saved.
2025-09-20 21:10:25,455 - INFO - Weekend detected — no data saved.
2025-09-20 21:12:26,016 - INFO - Weekend detected — no data saved.
2025-09-20 21:14:26,532 - INFO - Weekend detected — no data saved.
2025-09-20 21:16:27,106 - INFO - Weekend detected — no data saved.
2025-09-20 21:18:27,657 - INFO - Weekend detected — no data saved.
2025-09-20 21:20:28,200 - INFO - Weekend detected — no data saved.
2025-09-20 21:22:28,719 - INFO - Weekend detected — no data saved.
2025-09-20 21:24:29,237 - INFO - Weekend detected — no data saved.
2025-09-20 21:26:29,794 - INFO - Weekend detected — no data saved.
2025-09-20 21:28:30,339 - INFO - Weekend detected — no data saved.
2025-09-20 21:30:30,851 - INFO - Weekend detected — no data saved.
2025-09-20 21:32:31,362 - INFO - Weekend detected — no data saved.
2025-09-20 21:34:31,913 - INFO - Weekend detected — no data saved.
2025-09-20 21:36:32,429 - INFO - Weekend detected — no data saved.
2025-09-20 21:38:32,942 - INFO - Weekend detected — no data saved.
2025-09-20 21:40:33,460 - INFO - Weekend detected — no data saved.
2025-09-20 21:42:33,970 - INFO - Weekend detected — no data saved.
2025-09-20 21:44:34,488 - INFO - Weekend detected — no data saved.
2025-09-20 21:46:35,033 - INFO - Weekend detected — no data saved.
2025-09-20 21:48:35,571 - INFO - Weekend detected — no data saved.
2025-09-20 21:50:36,108 - INFO - Weekend detected — no data saved.
2025-09-20 21:52:36,642 - INFO - Weekend detected — no data saved.
2025-09-20 21:54:37,186 - INFO - Weekend detected — no data saved.
2025-09-20 21:56:37,707 - INFO - Weekend detected — no data saved.
2025-09-20 21:58:38,275 - INFO - Weekend detected — no data saved.
2025-09-20 22:00:38,791 - INFO - Weekend detected — no data saved.
2025-09-20 22:02:39,313 - INFO - Weekend detected — no data saved.
2025-09-20 22:04:39,842 - INFO - Weekend detected — no data saved.
2025-09-20 22:06:40,373 - INFO - Weekend detected — no data saved.
2025-09-20 22:08:40,883 - INFO - Weekend detected — no data saved.
2025-09-20 22:10:41,400 - INFO - Weekend detected — no data saved.
2025-09-20 22:12:41,922 - INFO - Weekend detected — no data saved.
2025-09-20 22:14:42,430 - INFO - Weekend detected — no data saved.
2025-09-20 22:16:42,971 - INFO - Weekend detected — no data saved.
2025-09-20 22:18:43,528 - INFO - Weekend detected — no data saved.
2025-09-20 22:20:44,050 - INFO - Weekend detected — no data saved.
2025-09-20 22:22:44,573 - INFO - Weekend detected — no data saved.
2025-09-20 22:24:45,111 - INFO - Weekend detected — no data saved.
2025-09-20 22:26:45,674 - INFO - Weekend detected — no data saved.
2025-09-20 22:28:46,195 - INFO - Weekend detected — no data saved.
2025-09-20 22:30:46,717 - INFO - Weekend detected — no data saved.
2025-09-20 22:32:47,256 - INFO - Weekend detected — no data saved.
2025-09-20 22:34:47,794 - INFO - Weekend detected — no data saved.
2025-09-20 22:36:48,324 - INFO - Weekend detected — no data saved.
2025-09-20 22:38:48,858 - INFO - Weekend detected — no data saved.
2025-09-20 22:40:49,378 - INFO - Weekend detected — no data saved.
2025-09-20 22:42:49,890 - INFO - Weekend detected — no data saved.
2025-09-20 22:44:50,403 - INFO - Weekend detected — no data saved.
2025-09-20 22:46:50,952 - INFO - Weekend detected — no data saved.
2025-09-20 22:48:51,495 - INFO - Weekend detected — no data saved.
2025-09-20 22:50:52,028 - INFO - Weekend detected — no data saved.
2025-09-20 22:52:52,569 - INFO - Weekend detected — no data saved.
2025-09-20 22:54:53,099 - INFO - Weekend detected — no data saved.
2025-09-20 22:56:53,613 - INFO - Weekend detected — no data saved.
2025-09-20 22:58:54,126 - INFO - Weekend detected — no data saved.
2025-09-20 23:00:54,644 - INFO - Weekend detected — no data saved.
2025-09-20 23:02:55,186 - INFO - Weekend detected — no data saved.
2025-09-20 23:04:55,719 - INFO - Weekend detected — no data saved.
2025-09-20 23:06:56,488 - INFO - Weekend detected — no data saved.
2025-09-20 23:08:57,021 - INFO - Weekend detected — no data saved.
2025-09-20 23:10:57,552 - INFO - Weekend detected — no data saved.
2025-09-20 23:12:58,085 - INFO - Weekend detected — no data saved.
2025-09-20 23:14:58,618 - INFO - Weekend detected — no data saved.
2025-09-20 23:16:59,168 - INFO - Weekend detected — no data saved.
2025-09-20 23:18:59,686 - INFO - Weekend detected — no data saved.
2025-09-20 23:21:00,211 - INFO - Weekend detected — no data saved.
2025-09-20 23:23:00,738 - INFO - Weekend detected — no data saved.
2025-09-20 23:25:01,251 - INFO - Weekend detected — no data saved.
2025-09-20 23:27:01,793 - INFO - Weekend detected — no data saved.
2025-09-20 23:29:02,317 - INFO - Weekend detected — no data saved.
2025-09-20 23:31:02,835 - INFO - Weekend detected — no data saved.
2025-09-20 23:33:03,359 - INFO - Weekend detected — no data saved.
2025-09-20 23:35:03,907 - INFO - Weekend detected — no data saved.
2025-09-20 23:37:04,444 - INFO - Weekend detected — no data saved.
2025-09-20 23:39:04,980 - INFO - Weekend detected — no data saved.
2025-09-20 23:41:05,488 - INFO - Weekend detected — no data saved.
2025-09-20 23:43:06,001 - INFO - Weekend detected — no data saved.
2025-09-20 23:45:06,564 - INFO - Weekend detected — no data saved.
2025-09-20 23:47:07,103 - INFO - Weekend detected — no data saved.
2025-09-20 23:49:07,629 - INFO - Weekend detected — no data saved.
2025-09-20 23:51:08,150 - INFO - Weekend detected — no data saved.
2025-09-20 23:53:08,711 - INFO - Weekend detected — no data saved.
2025-09-20 23:55:09,236 - INFO - Weekend detected — no data saved.
2025-09-20 23:57:09,754 - INFO - Weekend detected — no data saved.
2025-09-20 23:59:10,286 - INFO - Weekend detected — no data saved.
2025-09-21 00:01:10,300 - ERROR - Fetch error: HTTPSConnectionPool(host='secure.parking.ucf.edu', port=443): Max retries exceeded with url: /GarageCounter/GetOccupancy (Caused by NameResolutionError("<urllib3.connection.HTTPSConnection object at 0x000001B9F9F51810>: Failed to resolve 'secure.parking.ucf.edu' ([Errno 11001] getaddrinfo failed)"))
2025-09-21 00:03:10,302 - ERROR - Fetch error: HTTPSConnectionPool(host='secure.parking.ucf.edu', port=443): Max retries exceeded with url: /GarageCounter/GetOccupancy (Caused by NameResolutionError("<urllib3.connection.HTTPSConnection object at 0x000001B9F9F52C10>: Failed to resolve 'secure.parking.ucf.edu' ([Errno 11001] getaddrinfo failed)"))
2025-09-21 00:05:10,304 - ERROR - Fetch error: HTTPSConnectionPool(host='secure.parking.ucf.edu', port=443): Max retries exceeded with url: /GarageCounter/GetOccupancy (Caused by NameResolutionError("<urllib3.connection.HTTPSConnection object at 0x000001B9F9F520D0>: Failed to resolve 'secure.parking.ucf.edu' ([Errno 11001] getaddrinfo failed)"))
2025-09-21 00:07:10,305 - ERROR - Fetch error: HTTPSConnectionPool(host='secure.parking.ucf.edu', port=443): Max retries exceeded with url: /GarageCounter/GetOccupancy (Caused by NameResolutionError("<urllib3.connection.HTTPSConnection object at 0x000001B9F9F516D0>: Failed to resolve 'secure.parking.ucf.edu' ([Errno 11001] getaddrinfo failed)"))
2025-09-21 00:09:10,307 - ERROR - Fetch error: HTTPSConnectionPool(host='secure.parking.ucf.edu', port=443): Max retries exceeded with url: /GarageCounter/GetOccupancy (Caused by NameResolutionError("<urllib3.connection.HTTPSConnection object at 0x000001B9F9F52FD0>: Failed to resolve 'secure.parking.ucf.edu' ([Errno 11001] getaddrinfo failed)"))
2025-09-21 00:11:10,311 - ERROR - Fetch error: HTTPSConnectionPool(host='secure.parking.ucf.edu', port=443): Max retries exceeded with url: /GarageCounter/GetOccupancy (Caused by NameResolutionError("<urllib3.connection.HTTPSConnection object at 0x000001B9F9F53390>: Failed to resolve 'secure.parking.ucf.edu' ([Errno 11001] getaddrinfo failed)"))
2025-09-21 00:13:10,317 - ERROR - Fetch error: HTTPSConnectionPool(host='secure.parking.ucf.edu', port=443): Max retries exceeded with url: /GarageCounter/GetOccupancy (Caused by NameResolutionError("<urllib3.connection.HTTPSConnection object at 0x000001B9F9F53750>: Failed to resolve 'secure.parking.ucf.edu' ([Errno 11001] getaddrinfo failed)"))
2025-09-21 00:15:10,323 - ERROR - Fetch error: HTTPSConnectionPool(host='secure.parking.ucf.edu', port=443): Max retries exceeded with url: /GarageCounter/GetOccupancy (Caused by NameResolutionError("<urllib3.connection.HTTPSConnection object at 0x000001B9F9F53B10>: Failed to resolve 'secure.parking.ucf.edu' ([Errno 11001] getaddrinfo failed)"))
2025-09-21 00:17:10,326 - ERROR - Fetch error: HTTPSConnectionPool(host='secure.parking.ucf.edu', port=443): Max retries exceeded with url: /GarageCounter/GetOccupancy (Caused by NameResolutionError("<urllib3.connection.HTTPSConnection object at 0x000001B9F9F53ED0>: Failed to resolve 'secure.parking.ucf.edu' ([Errno 11001] getaddrinfo failed)"))
2025-09-21 00:19:10,331 - ERROR - Fetch error: HTTPSConnectionPool(host='secure.parking.ucf.edu', port=443): Max retries exceeded with url: /GarageCounter/GetOccupancy (Caused by NameResolutionError("<urllib3.connection.HTTPSConnection object at 0x000001B9FA0642D0>: Failed to resolve 'secure.parking.ucf.edu' ([Errno 11001] getaddrinfo failed)"))
2025-09-21 00:21:10,334 - ERROR - Fetch error: HTTPSConnectionPool(host='secure.parking.ucf.edu', port=443): Max retries exceeded with url: /GarageCounter/GetOccupancy (Caused by NameResolutionError("<urllib3.connection.HTTPSConnection object at 0x000001B9FA064690>: Failed to resolve 'secure.parking.ucf.edu' ([Errno 11001] getaddrinfo failed)"))
2025-09-21 00:23:10,337 - ERROR - Fetch error: HTTPSConnectionPool(host='secure.parking.ucf.edu', port=443): Max retries exceeded with url: /GarageCounter/GetOccupancy (Caused by NameResolutionError("<urllib3.connection.HTTPSConnection object at 0x000001B9FA064A50>: Failed to resolve 'secure.parking.ucf.edu' ([Errno 11001] getaddrinfo failed)"))
2025-09-21 00:25:10,339 - ERROR - Fetch error: HTTPSConnectionPool(host='secure.parking.ucf.edu', port=443): Max retries exceeded with url: /GarageCounter/GetOccupancy (Caused by NameResolutionError("<urllib3.connection.HTTPSConnection object at 0x000001B9FA064E10>: Failed to resolve 'secure.parking.ucf.edu' ([Errno 11001] getaddrinfo failed)"))
2025-09-21 00:27:10,344 - ERROR - Fetch error: HTTPSConnectionPool(host='secure.parking.ucf.edu', port=443): Max retries exceeded with url: /GarageCounter/GetOccupancy (Caused by NameResolutionError("<urllib3.connection.HTTPSConnection object at 0x000001B9FA0651D0>: Failed to resolve 'secure.parking.ucf.edu' ([Errno 11001] getaddrinfo failed)"))
2025-09-21 00:29:10,350 - ERROR - Fetch error: HTTPSConnectionPool(host='secure.parking.ucf.edu', port=443): Max retries exceeded with url: /GarageCounter/GetOccupancy (Caused by NameResolutionError("<urllib3.connection.HTTPSConnection object at 0x000001B9FA065590>: Failed to resolve 'secure.parking.ucf.edu' ([Errno 11001] getaddrinfo failed)"))
2025-09-21 00:31:10,354 - ERROR - Fetch error: HTTPSConnectionPool(host='secure.parking.ucf.edu', port=443): Max retries exceeded with url: /GarageCounter/GetOccupancy (Caused by NameResolutionError("<urllib3.connection.HTTPSConnection object at 0x000001B9FA065950>: Failed to resolve 'secure.parking.ucf.edu' ([Errno 11001] getaddrinfo failed)"))
2025-09-21 00:33:10,360 - ERROR - Fetch error: HTTPSConnectionPool(host='secure.parking.ucf.edu', port=443): Max retries exceeded with url: /GarageCounter/GetOccupancy (Caused by NameResolutionError("<urllib3.connection.HTTPSConnection object at 0x000001B9F9F53ED0>: Failed to resolve 'secure.parking.ucf.edu' ([Errno 11001] getaddrinfo failed)"))
2025-09-21 00:35:10,366 - ERROR - Fetch error: HTTPSConnectionPool(host='secure.parking.ucf.edu', port=443): Max retries exceeded with url: /GarageCounter/GetOccupancy (Caused by NameResolutionError("<urllib3.connection.HTTPSConnection object at 0x000001B9F9F53C50>: Failed to resolve 'secure.parking.ucf.edu' ([Errno 11001] getaddrinfo failed)"))
2025-09-21 00:37:10,371 - ERROR - Fetch error: HTTPSConnectionPool(host='secure.parking.ucf.edu', port=443): Max retries exceeded with url: /GarageCounter/GetOccupancy (Caused by NameResolutionError("<urllib3.connection.HTTPSConnection object at 0x000001B9F9F53890>: Failed to resolve 'secure.parking.ucf.edu' ([Errno 11001] getaddrinfo failed)"))
2025-09-21 00:39:10,375 - ERROR - Fetch error: HTTPSConnectionPool(host='secure.parking.ucf.edu', port=443): Max retries exceeded with url: /GarageCounter/GetOccupancy (Caused by NameResolutionError("<urllib3.connection.HTTPSConnection object at 0x000001B9F9F534D0>: Failed to resolve 'secure.parking.ucf.edu' ([Errno 11001] getaddrinfo failed)"))
2025-09-21 00:41:10,376 - ERROR - Fetch error: HTTPSConnectionPool(host='secure.parking.ucf.edu', port=443): Max retries exceeded with url: /GarageCounter/GetOccupancy (Caused by NameResolutionError("<urllib3.connection.HTTPSConnection object at 0x000001B9F9F53110>: Failed to resolve 'secure.parking.ucf.edu' ([Errno 11001] getaddrinfo failed)"))
2025-09-21 00:43:10,379 - ERROR - Fetch error: HTTPSConnectionPool(host='secure.parking.ucf.edu', port=443): Max retries exceeded with url: /GarageCounter/GetOccupancy (Caused by NameResolutionError("<urllib3.connection.HTTPSConnection object at 0x000001B9F9F51BD0>: Failed to resolve 'secure.parking.ucf.edu' ([Errno 11001] getaddrinfo failed)"))
2025-09-21 00:45:10,384 - ERROR - Fetch error: HTTPSConnectionPool(host='secure.parking.ucf.edu', port=443): Max retries exceeded with url: /GarageCounter/GetOccupancy (Caused by NameResolutionError("<urllib3.connection.HTTPSConnection object at 0x000001B9F9F51E50>: Failed to resolve 'secure.parking.ucf.edu' ([Errno 11001] getaddrinfo failed)"))
2025-09-21 00:47:10,390 - ERROR - Fetch error: HTTPSConnectionPool(host='secure.parking.ucf.edu', port=443): Max retries exceeded with url: /GarageCounter/GetOccupancy (Caused by NameResolutionError("<urllib3.connection.HTTPSConnection object at 0x000001B9F9F52350>: Failed to resolve 'secure.parking.ucf.edu' ([Errno 11001] getaddrinfo failed)"))
2025-09-21 00:49:10,396 - ERROR - Fetch error: HTTPSConnectionPool(host='secure.parking.ucf.edu', port=443): Max retries exceeded with url: /GarageCounter/GetOccupancy (Caused by NameResolutionError("<urllib3.connection.HTTPSConnection object at 0x000001B9FA065A90>: Failed to resolve 'secure.parking.ucf.edu' ([Errno 11001] getaddrinfo failed)"))
2025-09-21 00:51:10,401 - ERROR - Fetch error: HTTPSConnectionPool(host='secure.parking.ucf.edu', port=443): Max retries exceeded with url: /GarageCounter/GetOccupancy (Caused by NameResolutionError("<urllib3.connection.HTTPSConnection object at 0x000001B9FA0656D0>: Failed to resolve 'secure.parking.ucf.edu' ([Errno 11001] getaddrinfo failed)"))
2025-09-21 00:53:10,404 - ERROR - Fetch error: HTTPSConnectionPool(host='secure.parking.ucf.edu', port=443): Max retries exceeded with url: /GarageCounter/GetOccupancy (Caused by NameResolutionError("<urllib3.connection.HTTPSConnection object at 0x000001B9FA065310>: Failed to resolve 'secure.parking.ucf.edu' ([Errno 11001] getaddrinfo failed)"))
2025-09-21 00:55:10,406 - ERROR - Fetch error: HTTPSConnectionPool(host='secure.parking.ucf.edu', port=443): Max retries exceeded with url: /GarageCounter/GetOccupancy (Caused by NameResolutionError("<urllib3.connection.HTTPSConnection object at 0x000001B9FA064F50>: Failed to resolve 'secure.parking.ucf.edu' ([Errno 11001] getaddrinfo failed)"))
2025-09-21 00:57:10,411 - ERROR - Fetch error: HTTPSConnectionPool(host='secure.parking.ucf.edu', port=443): Max retries exceeded with url: /GarageCounter/GetOccupancy (Caused by NameResolutionError("<urllib3.connection.HTTPSConnection object at 0x000001B9FA064B90>: Failed to resolve 'secure.parking.ucf.edu' ([Errno 11001] getaddrinfo failed)"))
2025-09-21 00:59:10,417 - ERROR - Fetch error: HTTPSConnectionPool(host='secure.parking.ucf.edu', port=443): Max retries exceeded with url: /GarageCounter/GetOccupancy (Caused by NameResolutionError("<urllib3.connection.HTTPSConnection object at 0x000001B9FA0647D0>: Failed to resolve 'secure.parking.ucf.edu' ([Errno 11001] getaddrinfo failed)"))
2025-09-21 01:01:10,419 - ERROR - Fetch error: HTTPSConnectionPool(host='secure.parking.ucf.edu', port=443): Max retries exceeded with url: /GarageCounter/GetOccupancy (Caused by NameResolutionError("<urllib3.connection.HTTPSConnection object at 0x000001B9FA064410>: Failed to resolve 'secure.parking.ucf.edu' ([Errno 11001] getaddrinfo failed)"))
2025-09-21 01:03:10,422 - ERROR - Fetch error: HTTPSConnectionPool(host='secure.parking.ucf.edu', port=443): Max retries exceeded with url: /GarageCounter/GetOccupancy (Caused by NameResolutionError("<urllib3.connection.HTTPSConnection object at 0x000001B9FA065D10>: Failed to resolve 'secure.parking.ucf.edu' ([Errno 11001] getaddrinfo failed)"))
2025-09-21 01:05:10,425 - ERROR - Fetch error: HTTPSConnectionPool(host='secure.parking.ucf.edu', port=443): Max retries exceeded with url: /GarageCounter/GetOccupancy (Caused by NameResolutionError("<urllib3.connection.HTTPSConnection object at 0x000001B9FA0660D0>: Failed to resolve 'secure.parking.ucf.edu' ([Errno 11001] getaddrinfo failed)"))
2025-09-21 01:07:10,430 - ERROR - Fetch error: HTTPSConnectionPool(host='secure.parking.ucf.edu', port=443): Max retries exceeded with url: /GarageCounter/GetOccupancy (Caused by NameResolutionError("<urllib3.connection.HTTPSConnection object at 0x000001B9F9F52350>: Failed to resolve 'secure.parking.ucf.edu' ([Errno 11001] getaddrinfo failed)"))
2025-09-21 01:09:10,436 - ERROR - Fetch error: HTTPSConnectionPool(host='secure.parking.ucf.edu', port=443): Max retries exceeded with url: /GarageCounter/GetOccupancy (Caused by NameResolutionError("<urllib3.connection.HTTPSConnection object at 0x000001B9F9F52850>: Failed to resolve 'secure.parking.ucf.edu' ([Errno 11001] getaddrinfo failed)"))
2025-09-21 01:11:10,441 - ERROR - Fetch error: HTTPSConnectionPool(host='secure.parking.ucf.edu', port=443): Max retries exceeded with url: /GarageCounter/GetOccupancy (Caused by NameResolutionError("<urllib3.connection.HTTPSConnection object at 0x000001B9F9F51950>: Failed to resolve 'secure.parking.ucf.edu' ([Errno 11001] getaddrinfo failed)"))
2025-09-21 01:13:10,443 - ERROR - Fetch error: HTTPSConnectionPool(host='secure.parking.ucf.edu', port=443): Max retries exceeded with url: /GarageCounter/GetOccupancy (Caused by NameResolutionError("<urllib3.connection.HTTPSConnection object at 0x000001B9F9F52990>: Failed to resolve 'secure.parking.ucf.edu' ([Errno 11001] getaddrinfo failed)"))
2025-09-21 01:15:10,446 - ERROR - Fetch error: HTTPSConnectionPool(host='secure.parking.ucf.edu', port=443): Max retries exceeded with url: /GarageCounter/GetOccupancy (Caused by NameResolutionError("<urllib3.connection.HTTPSConnection object at 0x000001B9F9F53250>: Failed to resolve 'secure.parking.ucf.edu' ([Errno 11001] getaddrinfo failed)"))
2025-09-21 01:17:10,451 - ERROR - Fetch error: HTTPSConnectionPool(host='secure.parking.ucf.edu', port=443): Max retries exceeded with url: /GarageCounter/GetOccupancy (Caused by NameResolutionError("<urllib3.connection.HTTPSConnection object at 0x000001B9F9F53610>: Failed to resolve 'secure.parking.ucf.edu' ([Errno 11001] getaddrinfo failed)"))
2025-09-21 01:19:10,454 - ERROR - Fetch error: HTTPSConnectionPool(host='secure.parking.ucf.edu', port=443): Max retries exceeded with url: /GarageCounter/GetOccupancy (Caused by NameResolutionError("<urllib3.connection.HTTPSConnection object at 0x000001B9F9F539D0>: Failed to resolve 'secure.parking.ucf.edu' ([Errno 11001] getaddrinfo failed)"))
2025-09-21 01:21:10,459 - ERROR - Fetch error: HTTPSConnectionPool(host='secure.parking.ucf.edu', port=443): Max retries exceeded with url: /GarageCounter/GetOccupancy (Caused by NameResolutionError("<urllib3.connection.HTTPSConnection object at 0x000001B9F9F53D90>: Failed to resolve 'secure.parking.ucf.edu' ([Errno 11001] getaddrinfo failed)"))
2025-09-21 01:23:10,461 - ERROR - Fetch error: HTTPSConnectionPool(host='secure.parking.ucf.edu', port=443): Max retries exceeded with url: /GarageCounter/GetOccupancy (Caused by NameResolutionError("<urllib3.connection.HTTPSConnection object at 0x000001B9FA066210>: Failed to resolve 'secure.parking.ucf.edu' ([Errno 11001] getaddrinfo failed)"))
2025-09-21 01:25:10,467 - ERROR - Fetch error: HTTPSConnectionPool(host='secure.parking.ucf.edu', port=443): Max retries exceeded with url: /GarageCounter/GetOccupancy (Caused by NameResolutionError("<urllib3.connection.HTTPSConnection object at 0x000001B9FA065E50>: Failed to resolve 'secure.parking.ucf.edu' ([Errno 11001] getaddrinfo failed)"))
2025-09-21 01:27:10,472 - ERROR - Fetch error: HTTPSConnectionPool(host='secure.parking.ucf.edu', port=443): Max retries exceeded with url: /GarageCounter/GetOccupancy (Caused by NameResolutionError("<urllib3.connection.HTTPSConnection object at 0x000001B9FA064190>: Failed to resolve 'secure.parking.ucf.edu' ([Errno 11001] getaddrinfo failed)"))
2025-09-21 01:29:10,478 - ERROR - Fetch error: HTTPSConnectionPool(host='secure.parking.ucf.edu', port=443): Max retries exceeded with url: /GarageCounter/GetOccupancy (Caused by NameResolutionError("<urllib3.connection.HTTPSConnection object at 0x000001B9FA064550>: Failed to resolve 'secure.parking.ucf.edu' ([Errno 11001] getaddrinfo failed)"))
2025-09-21 01:31:10,484 - ERROR - Fetch error: HTTPSConnectionPool(host='secure.parking.ucf.edu', port=443): Max retries exceeded with url: /GarageCounter/GetOccupancy (Caused by NameResolutionError("<urllib3.connection.HTTPSConnection object at 0x000001B9FA064910>: Failed to resolve 'secure.parking.ucf.edu' ([Errno 11001] getaddrinfo failed)"))
2025-09-21 01:33:10,487 - ERROR - Fetch error: HTTPSConnectionPool(host='secure.parking.ucf.edu', port=443): Max retries exceeded with url: /GarageCounter/GetOccupancy (Caused by NameResolutionError("<urllib3.connection.HTTPSConnection object at 0x000001B9FA064CD0>: Failed to resolve 'secure.parking.ucf.edu' ([Errno 11001] getaddrinfo failed)"))
2025-09-21 01:35:10,492 - ERROR - Fetch error: HTTPSConnectionPool(host='secure.parking.ucf.edu', port=443): Max retries exceeded with url: /GarageCounter/GetOccupancy (Caused by NameResolutionError("<urllib3.connection.HTTPSConnection object at 0x000001B9FA065090>: Failed to resolve 'secure.parking.ucf.edu' ([Errno 11001] getaddrinfo failed)"))
2025-09-21 01:37:10,494 - ERROR - Fetch error: HTTPSConnectionPool(host='secure.parking.ucf.edu', port=443): Max retries exceeded with url: /GarageCounter/GetOccupancy (Caused by NameResolutionError("<urllib3.connection.HTTPSConnection object at 0x000001B9FA065450>: Failed to resolve 'secure.parking.ucf.edu' ([Errno 11001] getaddrinfo failed)"))
2025-09-21 01:39:10,500 - ERROR - Fetch error: HTTPSConnectionPool(host='secure.parking.ucf.edu', port=443): Max retries exceeded with url: /GarageCounter/GetOccupancy (Caused by NameResolutionError("<urllib3.connection.HTTPSConnection object at 0x000001B9FA065810>: Failed to resolve 'secure.parking.ucf.edu' ([Errno 11001] getaddrinfo failed)"))
2025-09-21 01:41:10,502 - ERROR - Fetch error: HTTPSConnectionPool(host='secure.parking.ucf.edu', port=443): Max retries exceeded with url: /GarageCounter/GetOccupancy (Caused by NameResolutionError("<urllib3.connection.HTTPSConnection object at 0x000001B9FA066490>: Failed to resolve 'secure.parking.ucf.edu' ([Errno 11001] getaddrinfo failed)"))
2025-09-21 01:43:10,505 - ERROR - Fetch error: HTTPSConnectionPool(host='secure.parking.ucf.edu', port=443): Max retries exceeded with url: /GarageCounter/GetOccupancy (Caused by NameResolutionError("<urllib3.connection.HTTPSConnection object at 0x000001B9F9F539D0>: Failed to resolve 'secure.parking.ucf.edu' ([Errno 11001] getaddrinfo failed)"))
2025-09-21 01:45:10,507 - ERROR - Fetch error: HTTPSConnectionPool(host='secure.parking.ucf.edu', port=443): Max retries exceeded with url: /GarageCounter/GetOccupancy (Caused by NameResolutionError("<urllib3.connection.HTTPSConnection object at 0x000001B9F9F53610>: Failed to resolve 'secure.parking.ucf.edu' ([Errno 11001] getaddrinfo failed)"))
2025-09-21 01:47:10,513 - ERROR - Fetch error: HTTPSConnectionPool(host='secure.parking.ucf.edu', port=443): Max retries exceeded with url: /GarageCounter/GetOccupancy (Caused by NameResolutionError("<urllib3.connection.HTTPSConnection object at 0x000001B9F9F53250>: Failed to resolve 'secure.parking.ucf.edu' ([Errno 11001] getaddrinfo failed)"))
2025-09-21 01:49:10,518 - ERROR - Fetch error: HTTPSConnectionPool(host='secure.parking.ucf.edu', port=443): Max retries exceeded with url: /GarageCounter/GetOccupancy (Caused by NameResolutionError("<urllib3.connection.HTTPSConnection object at 0x000001B9F9F52990>: Failed to resolve 'secure.parking.ucf.edu' ([Errno 11001] getaddrinfo failed)"))
2025-09-21 01:51:10,523 - ERROR - Fetch error: HTTPSConnectionPool(host='secure.parking.ucf.edu', port=443): Max retries exceeded with url: /GarageCounter/GetOccupancy (Caused by NameResolutionError("<urllib3.connection.HTTPSConnection object at 0x000001B9F9F51950>: Failed to resolve 'secure.parking.ucf.edu' ([Errno 11001] getaddrinfo failed)"))
2025-09-21 01:53:10,525 - ERROR - Fetch error: HTTPSConnectionPool(host='secure.parking.ucf.edu', port=443): Max retries exceeded with url: /GarageCounter/GetOccupancy (Caused by NameResolutionError("<urllib3.connection.HTTPSConnection object at 0x000001B9F9F52850>: Failed to resolve 'secure.parking.ucf.edu' ([Errno 11001] getaddrinfo failed)"))
2025-09-21 01:55:10,527 - ERROR - Fetch error: HTTPSConnectionPool(host='secure.parking.ucf.edu', port=443): Max retries exceeded with url: /GarageCounter/GetOccupancy (Caused by NameResolutionError("<urllib3.connection.HTTPSConnection object at 0x000001B9F9F52350>: Failed to resolve 'secure.parking.ucf.edu' ([Errno 11001] getaddrinfo failed)"))
2025-09-21 01:57:10,533 - ERROR - Fetch error: HTTPSConnectionPool(host='secure.parking.ucf.edu', port=443): Max retries exceeded with url: /GarageCounter/GetOccupancy (Caused by NameResolutionError("<urllib3.connection.HTTPSConnection object at 0x000001B9FA065810>: Failed to resolve 'secure.parking.ucf.edu' ([Errno 11001] getaddrinfo failed)"))
2025-09-21 01:59:10,539 - ERROR - Fetch error: HTTPSConnectionPool(host='secure.parking.ucf.edu', port=443): Max retries exceeded with url: /GarageCounter/GetOccupancy (Caused by NameResolutionError("<urllib3.connection.HTTPSConnection object at 0x000001B9FA065450>: Failed to resolve 'secure.parking.ucf.edu' ([Errno 11001] getaddrinfo failed)"))
2025-09-21 02:01:10,544 - ERROR - Fetch error: HTTPSConnectionPool(host='secure.parking.ucf.edu', port=443): Max retries exceeded with url: /GarageCounter/GetOccupancy (Caused by NameResolutionError("<urllib3.connection.HTTPSConnection object at 0x000001B9FA065090>: Failed to resolve 'secure.parking.ucf.edu' ([Errno 11001] getaddrinfo failed)"))
2025-09-21 02:03:10,546 - ERROR - Fetch error: HTTPSConnectionPool(host='secure.parking.ucf.edu', port=443): Max retries exceeded with url: /GarageCounter/GetOccupancy (Caused by NameResolutionError("<urllib3.connection.HTTPSConnection object at 0x000001B9FA064CD0>: Failed to resolve 'secure.parking.ucf.edu' ([Errno 11001] getaddrinfo failed)"))
2025-09-21 02:05:10,552 - ERROR - Fetch error: HTTPSConnectionPool(host='secure.parking.ucf.edu', port=443): Max retries exceeded with url: /GarageCounter/GetOccupancy (Caused by NameResolutionError("<urllib3.connection.HTTPSConnection object at 0x000001B9FA064910>: Failed to resolve 'secure.parking.ucf.edu' ([Errno 11001] getaddrinfo failed)"))
2025-09-21 02:07:10,555 - ERROR - Fetch error: HTTPSConnectionPool(host='secure.parking.ucf.edu', port=443): Max retries exceeded with url: /GarageCounter/GetOccupancy (Caused by NameResolutionError("<urllib3.connection.HTTPSConnection object at 0x000001B9FA064550>: Failed to resolve 'secure.parking.ucf.edu' ([Errno 11001] getaddrinfo failed)"))
2025-09-21 02:09:10,560 - ERROR - Fetch error: HTTPSConnectionPool(host='secure.parking.ucf.edu', port=443): Max retries exceeded with url: /GarageCounter/GetOccupancy (Caused by NameResolutionError("<urllib3.connection.HTTPSConnection object at 0x000001B9FA064190>: Failed to resolve 'secure.parking.ucf.edu' ([Errno 11001] getaddrinfo failed)"))
2025-09-21 02:11:10,562 - ERROR - Fetch error: HTTPSConnectionPool(host='secure.parking.ucf.edu', port=443): Max retries exceeded with url: /GarageCounter/GetOccupancy (Caused by NameResolutionError("<urllib3.connection.HTTPSConnection object at 0x000001B9FA065E50>: Failed to resolve 'secure.parking.ucf.edu' ([Errno 11001] getaddrinfo failed)"))
2025-09-21 02:13:10,564 - ERROR - Fetch error: HTTPSConnectionPool(host='secure.parking.ucf.edu', port=443): Max retries exceeded with url: /GarageCounter/GetOccupancy (Caused by NameResolutionError("<urllib3.connection.HTTPSConnection object at 0x000001B9FA066210>: Failed to resolve 'secure.parking.ucf.edu' ([Errno 11001] getaddrinfo failed)"))
2025-09-21 02:15:10,566 - ERROR - Fetch error: HTTPSConnectionPool(host='secure.parking.ucf.edu', port=443): Max retries exceeded with url: /GarageCounter/GetOccupancy (Caused by NameResolutionError("<urllib3.connection.HTTPSConnection object at 0x000001B9FA066350>: Failed to resolve 'secure.parking.ucf.edu' ([Errno 11001] getaddrinfo failed)"))
2025-09-21 02:17:10,568 - ERROR - Fetch error: HTTPSConnectionPool(host='secure.parking.ucf.edu', port=443): Max retries exceeded with url: /GarageCounter/GetOccupancy (Caused by NameResolutionError("<urllib3.connection.HTTPSConnection object at 0x000001B9F9F52C10>: Failed to resolve 'secure.parking.ucf.edu' ([Errno 11001] getaddrinfo failed)"))
2025-09-21 02:19:10,569 - ERROR - Fetch error: HTTPSConnectionPool(host='secure.parking.ucf.edu', port=443): Max retries exceeded with url: /GarageCounter/GetOccupancy (Caused by NameResolutionError("<urllib3.connection.HTTPSConnection object at 0x000001B9F9F520D0>: Failed to resolve 'secure.parking.ucf.edu' ([Errno 11001] getaddrinfo failed)"))
2025-09-21 02:21:10,575 - ERROR - Fetch error: HTTPSConnectionPool(host='secure.parking.ucf.edu', port=443): Max retries exceeded with url: /GarageCounter/GetOccupancy (Caused by NameResolutionError("<urllib3.connection.HTTPSConnection object at 0x000001B9F9F516D0>: Failed to resolve 'secure.parking.ucf.edu' ([Errno 11001] getaddrinfo failed)"))
2025-09-21 02:23:10,577 - ERROR - Fetch error: HTTPSConnectionPool(host='secure.parking.ucf.edu', port=443): Max retries exceeded with url: /GarageCounter/GetOccupancy (Caused by NameResolutionError("<urllib3.connection.HTTPSConnection object at 0x000001B9F9F52FD0>: Failed to resolve 'secure.parking.ucf.edu' ([Errno 11001] getaddrinfo failed)"))
2025-09-21 02:25:10,580 - ERROR - Fetch error: HTTPSConnectionPool(host='secure.parking.ucf.edu', port=443): Max retries exceeded with url: /GarageCounter/GetOccupancy (Caused by NameResolutionError("<urllib3.connection.HTTPSConnection object at 0x000001B9F9F53390>: Failed to resolve 'secure.parking.ucf.edu' ([Errno 11001] getaddrinfo failed)"))
2025-09-21 02:27:10,585 - ERROR - Fetch error: HTTPSConnectionPool(host='secure.parking.ucf.edu', port=443): Max retries exceeded with url: /GarageCounter/GetOccupancy (Caused by NameResolutionError("<urllib3.connection.HTTPSConnection object at 0x000001B9F9F53750>: Failed to resolve 'secure.parking.ucf.edu' ([Errno 11001] getaddrinfo failed)"))
2025-09-21 02:29:10,587 - ERROR - Fetch error: HTTPSConnectionPool(host='secure.parking.ucf.edu', port=443): Max retries exceeded with url: /GarageCounter/GetOccupancy (Caused by NameResolutionError("<urllib3.connection.HTTPSConnection object at 0x000001B9F9F53B10>: Failed to resolve 'secure.parking.ucf.edu' ([Errno 11001] getaddrinfo failed)"))
2025-09-21 02:31:10,589 - ERROR - Fetch error: HTTPSConnectionPool(host='secure.parking.ucf.edu', port=443): Max retries exceeded with url: /GarageCounter/GetOccupancy (Caused by NameResolutionError("<urllib3.connection.HTTPSConnection object at 0x000001B9FA0660D0>: Failed to resolve 'secure.parking.ucf.edu' ([Errno 11001] getaddrinfo failed)"))
2025-09-21 02:33:10,591 - ERROR - Fetch error: HTTPSConnectionPool(host='secure.parking.ucf.edu', port=443): Max retries exceeded with url: /GarageCounter/GetOccupancy (Caused by NameResolutionError("<urllib3.connection.HTTPSConnection object at 0x000001B9FA065D10>: Failed to resolve 'secure.parking.ucf.edu' ([Errno 11001] getaddrinfo failed)"))
2025-09-21 02:35:10,597 - ERROR - Fetch error: HTTPSConnectionPool(host='secure.parking.ucf.edu', port=443): Max retries exceeded with url: /GarageCounter/GetOccupancy (Caused by NameResolutionError("<urllib3.connection.HTTPSConnection object at 0x000001B9FA064410>: Failed to resolve 'secure.parking.ucf.edu' ([Errno 11001] getaddrinfo failed)"))
2025-09-21 02:37:10,603 - ERROR - Fetch error: HTTPSConnectionPool(host='secure.parking.ucf.edu', port=443): Max retries exceeded with url: /GarageCounter/GetOccupancy (Caused by NameResolutionError("<urllib3.connection.HTTPSConnection object at 0x000001B9FA0647D0>: Failed to resolve 'secure.parking.ucf.edu' ([Errno 11001] getaddrinfo failed)"))
2025-09-21 02:39:10,609 - ERROR - Fetch error: HTTPSConnectionPool(host='secure.parking.ucf.edu', port=443): Max retries exceeded with url: /GarageCounter/GetOccupancy (Caused by NameResolutionError("<urllib3.connection.HTTPSConnection object at 0x000001B9FA064B90>: Failed to resolve 'secure.parking.ucf.edu' ([Errno 11001] getaddrinfo failed)"))
2025-09-21 02:41:10,612 - ERROR - Fetch error: HTTPSConnectionPool(host='secure.parking.ucf.edu', port=443): Max retries exceeded with url: /GarageCounter/GetOccupancy (Caused by NameResolutionError("<urllib3.connection.HTTPSConnection object at 0x000001B9FA064F50>: Failed to resolve 'secure.parking.ucf.edu' ([Errno 11001] getaddrinfo failed)"))
2025-09-21 02:43:10,614 - ERROR - Fetch error: HTTPSConnectionPool(host='secure.parking.ucf.edu', port=443): Max retries exceeded with url: /GarageCounter/GetOccupancy (Caused by NameResolutionError("<urllib3.connection.HTTPSConnection object at 0x000001B9FA065310>: Failed to resolve 'secure.parking.ucf.edu' ([Errno 11001] getaddrinfo failed)"))
2025-09-21 02:45:10,619 - ERROR - Fetch error: HTTPSConnectionPool(host='secure.parking.ucf.edu', port=443): Max retries exceeded with url: /GarageCounter/GetOccupancy (Caused by NameResolutionError("<urllib3.connection.HTTPSConnection object at 0x000001B9FA0656D0>: Failed to resolve 'secure.parking.ucf.edu' ([Errno 11001] getaddrinfo failed)"))
2025-09-21 02:47:10,621 - ERROR - Fetch error: HTTPSConnectionPool(host='secure.parking.ucf.edu', port=443): Max retries exceeded with url: /GarageCounter/GetOccupancy (Caused by NameResolutionError("<urllib3.connection.HTTPSConnection object at 0x000001B9FA065A90>: Failed to resolve 'secure.parking.ucf.edu' ([Errno 11001] getaddrinfo failed)"))
2025-09-21 02:49:10,625 - ERROR - Fetch error: HTTPSConnectionPool(host='secure.parking.ucf.edu', port=443): Max retries exceeded with url: /GarageCounter/GetOccupancy (Caused by NameResolutionError("<urllib3.connection.HTTPSConnection object at 0x000001B9FA065BD0>: Failed to resolve 'secure.parking.ucf.edu' ([Errno 11001] getaddrinfo failed)"))
2025-09-21 02:51:10,630 - ERROR - Fetch error: HTTPSConnectionPool(host='secure.parking.ucf.edu', port=443): Max retries exceeded with url: /GarageCounter/GetOccupancy (Caused by NameResolutionError("<urllib3.connection.HTTPSConnection object at 0x000001B9F9F53D90>: Failed to resolve 'secure.parking.ucf.edu' ([Errno 11001] getaddrinfo failed)"))
2025-09-21 02:53:10,632 - ERROR - Fetch error: HTTPSConnectionPool(host='secure.parking.ucf.edu', port=443): Max retries exceeded with url: /GarageCounter/GetOccupancy (Caused by NameResolutionError("<urllib3.connection.HTTPSConnection object at 0x000001B9F9F539D0>: Failed to resolve 'secure.parking.ucf.edu' ([Errno 11001] getaddrinfo failed)"))
2025-09-21 02:55:10,638 - ERROR - Fetch error: HTTPSConnectionPool(host='secure.parking.ucf.edu', port=443): Max retries exceeded with url: /GarageCounter/GetOccupancy (Caused by NameResolutionError("<urllib3.connection.HTTPSConnection object at 0x000001B9F9F53610>: Failed to resolve 'secure.parking.ucf.edu' ([Errno 11001] getaddrinfo failed)"))
2025-09-21 02:57:10,640 - ERROR - Fetch error: HTTPSConnectionPool(host='secure.parking.ucf.edu', port=443): Max retries exceeded with url: /GarageCounter/GetOccupancy (Caused by NameResolutionError("<urllib3.connection.HTTPSConnection object at 0x000001B9F9F53250>: Failed to resolve 'secure.parking.ucf.edu' ([Errno 11001] getaddrinfo failed)"))
2025-09-21 02:59:10,641 - ERROR - Fetch error: HTTPSConnectionPool(host='secure.parking.ucf.edu', port=443): Max retries exceeded with url: /GarageCounter/GetOccupancy (Caused by NameResolutionError("<urllib3.connection.HTTPSConnection object at 0x000001B9F9F52990>: Failed to resolve 'secure.parking.ucf.edu' ([Errno 11001] getaddrinfo failed)"))
2025-09-21 03:01:10,647 - ERROR - Fetch error: HTTPSConnectionPool(host='secure.parking.ucf.edu', port=443): Max retries exceeded with url: /GarageCounter/GetOccupancy (Caused by NameResolutionError("<urllib3.connection.HTTPSConnection object at 0x000001B9F9F51950>: Failed to resolve 'secure.parking.ucf.edu' ([Errno 11001] getaddrinfo failed)"))
2025-09-21 03:03:10,653 - ERROR - Fetch error: HTTPSConnectionPool(host='secure.parking.ucf.edu', port=443): Max retries exceeded with url: /GarageCounter/GetOccupancy (Caused by NameResolutionError("<urllib3.connection.HTTPSConnection object at 0x000001B9F9F52850>: Failed to resolve 'secure.parking.ucf.edu' ([Errno 11001] getaddrinfo failed)"))
2025-09-21 03:05:10,657 - ERROR - Fetch error: HTTPSConnectionPool(host='secure.parking.ucf.edu', port=443): Max retries exceeded with url: /GarageCounter/GetOccupancy (Caused by NameResolutionError("<urllib3.connection.HTTPSConnection object at 0x000001B9F9F52350>: Failed to resolve 'secure.parking.ucf.edu' ([Errno 11001] getaddrinfo failed)"))
2025-09-21 03:07:10,660 - ERROR - Fetch error: HTTPSConnectionPool(host='secure.parking.ucf.edu', port=443): Max retries exceeded with url: /GarageCounter/GetOccupancy (Caused by NameResolutionError("<urllib3.connection.HTTPSConnection object at 0x000001B9F9F52210>: Failed to resolve 'secure.parking.ucf.edu' ([Errno 11001] getaddrinfo failed)"))
2025-09-21 03:09:10,662 - ERROR - Fetch error: HTTPSConnectionPool(host='secure.parking.ucf.edu', port=443): Max retries exceeded with url: /GarageCounter/GetOccupancy (Caused by NameResolutionError("<urllib3.connection.HTTPSConnection object at 0x000001B9FA065810>: Failed to resolve 'secure.parking.ucf.edu' ([Errno 11001] getaddrinfo failed)"))
2025-09-21 03:11:10,668 - ERROR - Fetch error: HTTPSConnectionPool(host='secure.parking.ucf.edu', port=443): Max retries exceeded with url: /GarageCounter/GetOccupancy (Caused by NameResolutionError("<urllib3.connection.HTTPSConnection object at 0x000001B9FA065450>: Failed to resolve 'secure.parking.ucf.edu' ([Errno 11001] getaddrinfo failed)"))
2025-09-21 03:13:10,670 - ERROR - Fetch error: HTTPSConnectionPool(host='secure.parking.ucf.edu', port=443): Max retries exceeded with url: /GarageCounter/GetOccupancy (Caused by NameResolutionError("<urllib3.connection.HTTPSConnection object at 0x000001B9FA065090>: Failed to resolve 'secure.parking.ucf.edu' ([Errno 11001] getaddrinfo failed)"))
2025-09-21 03:15:10,676 - ERROR - Fetch error: HTTPSConnectionPool(host='secure.parking.ucf.edu', port=443): Max retries exceeded with url: /GarageCounter/GetOccupancy (Caused by NameResolutionError("<urllib3.connection.HTTPSConnection object at 0x000001B9FA064CD0>: Failed to resolve 'secure.parking.ucf.edu' ([Errno 11001] getaddrinfo failed)"))
2025-09-21 03:17:10,681 - ERROR - Fetch error: HTTPSConnectionPool(host='secure.parking.ucf.edu', port=443): Max retries exceeded with url: /GarageCounter/GetOccupancy (Caused by NameResolutionError("<urllib3.connection.HTTPSConnection object at 0x000001B9FA064910>: Failed to resolve 'secure.parking.ucf.edu' ([Errno 11001] getaddrinfo failed)"))
2025-09-21 03:19:10,684 - ERROR - Fetch error: HTTPSConnectionPool(host='secure.parking.ucf.edu', port=443): Max retries exceeded with url: /GarageCounter/GetOccupancy (Caused by NameResolutionError("<urllib3.connection.HTTPSConnection object at 0x000001B9FA064550>: Failed to resolve 'secure.parking.ucf.edu' ([Errno 11001] getaddrinfo failed)"))
2025-09-21 03:21:10,687 - ERROR - Fetch error: HTTPSConnectionPool(host='secure.parking.ucf.edu', port=443): Max retries exceeded with url: /GarageCounter/GetOccupancy (Caused by NameResolutionError("<urllib3.connection.HTTPSConnection object at 0x000001B9FA064190>: Failed to resolve 'secure.parking.ucf.edu' ([Errno 11001] getaddrinfo failed)"))
2025-09-21 03:23:10,691 - ERROR - Fetch error: HTTPSConnectionPool(host='secure.parking.ucf.edu', port=443): Max retries exceeded with url: /GarageCounter/GetOccupancy (Caused by NameResolutionError("<urllib3.connection.HTTPSConnection object at 0x000001B9FA065E50>: Failed to resolve 'secure.parking.ucf.edu' ([Errno 11001] getaddrinfo failed)"))
2025-09-21 03:25:10,694 - ERROR - Fetch error: HTTPSConnectionPool(host='secure.parking.ucf.edu', port=443): Max retries exceeded with url: /GarageCounter/GetOccupancy (Caused by NameResolutionError("<urllib3.connection.HTTPSConnection object at 0x000001B9F9F52210>: Failed to resolve 'secure.parking.ucf.edu' ([Errno 11001] getaddrinfo failed)"))
2025-09-21 03:27:10,695 - ERROR - Fetch error: HTTPSConnectionPool(host='secure.parking.ucf.edu', port=443): Max retries exceeded with url: /GarageCounter/GetOccupancy (Caused by NameResolutionError("<urllib3.connection.HTTPSConnection object at 0x000001B9F9F51F90>: Failed to resolve 'secure.parking.ucf.edu' ([Errno 11001] getaddrinfo failed)"))
2025-09-21 03:29:10,701 - ERROR - Fetch error: HTTPSConnectionPool(host='secure.parking.ucf.edu', port=443): Max retries exceeded with url: /GarageCounter/GetOccupancy (Caused by NameResolutionError("<urllib3.connection.HTTPSConnection object at 0x000001B9F9F52C10>: Failed to resolve 'secure.parking.ucf.edu' ([Errno 11001] getaddrinfo failed)"))
2025-09-21 03:31:10,706 - ERROR - Fetch error: HTTPSConnectionPool(host='secure.parking.ucf.edu', port=443): Max retries exceeded with url: /GarageCounter/GetOccupancy (Caused by NameResolutionError("<urllib3.connection.HTTPSConnection object at 0x000001B9F9F520D0>: Failed to resolve 'secure.parking.ucf.edu' ([Errno 11001] getaddrinfo failed)"))
2025-09-21 03:33:10,713 - ERROR - Fetch error: HTTPSConnectionPool(host='secure.parking.ucf.edu', port=443): Max retries exceeded with url: /GarageCounter/GetOccupancy (Caused by NameResolutionError("<urllib3.connection.HTTPSConnection object at 0x000001B9F9F516D0>: Failed to resolve 'secure.parking.ucf.edu' ([Errno 11001] getaddrinfo failed)"))
2025-09-21 03:35:10,719 - ERROR - Fetch error: HTTPSConnectionPool(host='secure.parking.ucf.edu', port=443): Max retries exceeded with url: /GarageCounter/GetOccupancy (Caused by NameResolutionError("<urllib3.connection.HTTPSConnection object at 0x000001B9F9F52FD0>: Failed to resolve 'secure.parking.ucf.edu' ([Errno 11001] getaddrinfo failed)"))
2025-09-21 03:37:10,724 - ERROR - Fetch error: HTTPSConnectionPool(host='secure.parking.ucf.edu', port=443): Max retries exceeded with url: /GarageCounter/GetOccupancy (Caused by NameResolutionError("<urllib3.connection.HTTPSConnection object at 0x000001B9F9F53390>: Failed to resolve 'secure.parking.ucf.edu' ([Errno 11001] getaddrinfo failed)"))
2025-09-21 03:39:10,730 - ERROR - Fetch error: HTTPSConnectionPool(host='secure.parking.ucf.edu', port=443): Max retries exceeded with url: /GarageCounter/GetOccupancy (Caused by NameResolutionError("<urllib3.connection.HTTPSConnection object at 0x000001B9F9F53750>: Failed to resolve 'secure.parking.ucf.edu' ([Errno 11001] getaddrinfo failed)"))
2025-09-21 03:41:10,732 - ERROR - Fetch error: HTTPSConnectionPool(host='secure.parking.ucf.edu', port=443): Max retries exceeded with url: /GarageCounter/GetOccupancy (Caused by NameResolutionError("<urllib3.connection.HTTPSConnection object at 0x000001B9F9F53B10>: Failed to resolve 'secure.parking.ucf.edu' ([Errno 11001] getaddrinfo failed)"))
2025-09-21 03:43:10,735 - ERROR - Fetch error: HTTPSConnectionPool(host='secure.parking.ucf.edu', port=443): Max retries exceeded with url: /GarageCounter/GetOccupancy (Caused by NameResolutionError("<urllib3.connection.HTTPSConnection object at 0x000001B9FA064050>: Failed to resolve 'secure.parking.ucf.edu' ([Errno 11001] getaddrinfo failed)"))
2025-09-21 03:45:10,740 - ERROR - Fetch error: HTTPSConnectionPool(host='secure.parking.ucf.edu', port=443): Max retries exceeded with url: /GarageCounter/GetOccupancy (Caused by NameResolutionError("<urllib3.connection.HTTPSConnection object at 0x000001B9FA0642D0>: Failed to resolve 'secure.parking.ucf.edu' ([Errno 11001] getaddrinfo failed)"))
2025-09-21 03:47:10,745 - ERROR - Fetch error: HTTPSConnectionPool(host='secure.parking.ucf.edu', port=443): Max retries exceeded with url: /GarageCounter/GetOccupancy (Caused by NameResolutionError("<urllib3.connection.HTTPSConnection object at 0x000001B9FA064690>: Failed to resolve 'secure.parking.ucf.edu' ([Errno 11001] getaddrinfo failed)"))
2025-09-21 03:49:10,748 - ERROR - Fetch error: HTTPSConnectionPool(host='secure.parking.ucf.edu', port=443): Max retries exceeded with url: /GarageCounter/GetOccupancy (Caused by NameResolutionError("<urllib3.connection.HTTPSConnection object at 0x000001B9FA064A50>: Failed to resolve 'secure.parking.ucf.edu' ([Errno 11001] getaddrinfo failed)"))
2025-09-21 03:51:10,753 - ERROR - Fetch error: HTTPSConnectionPool(host='secure.parking.ucf.edu', port=443): Max retries exceeded with url: /GarageCounter/GetOccupancy (Caused by NameResolutionError("<urllib3.connection.HTTPSConnection object at 0x000001B9FA064E10>: Failed to resolve 'secure.parking.ucf.edu' ([Errno 11001] getaddrinfo failed)"))
2025-09-21 03:53:10,756 - ERROR - Fetch error: HTTPSConnectionPool(host='secure.parking.ucf.edu', port=443): Max retries exceeded with url: /GarageCounter/GetOccupancy (Caused by NameResolutionError("<urllib3.connection.HTTPSConnection object at 0x000001B9FA0651D0>: Failed to resolve 'secure.parking.ucf.edu' ([Errno 11001] getaddrinfo failed)"))
2025-09-21 03:55:10,758 - ERROR - Fetch error: HTTPSConnectionPool(host='secure.parking.ucf.edu', port=443): Max retries exceeded with url: /GarageCounter/GetOccupancy (Caused by NameResolutionError("<urllib3.connection.HTTPSConnection object at 0x000001B9FA065590>: Failed to resolve 'secure.parking.ucf.edu' ([Errno 11001] getaddrinfo failed)"))
2025-09-21 03:57:10,763 - ERROR - Fetch error: HTTPSConnectionPool(host='secure.parking.ucf.edu', port=443): Max retries exceeded with url: /GarageCounter/GetOccupancy (Caused by NameResolutionError("<urllib3.connection.HTTPSConnection object at 0x000001B9FA066210>: Failed to resolve 'secure.parking.ucf.edu' ([Errno 11001] getaddrinfo failed)"))
2025-09-21 03:59:10,769 - ERROR - Fetch error: HTTPSConnectionPool(host='secure.parking.ucf.edu', port=443): Max retries exceeded with url: /GarageCounter/GetOccupancy (Caused by NameResolutionError("<urllib3.connection.HTTPSConnection object at 0x000001B9F9F53B10>: Failed to resolve 'secure.parking.ucf.edu' ([Errno 11001] getaddrinfo failed)"))
2025-09-21 04:01:10,774 - ERROR - Fetch error: HTTPSConnectionPool(host='secure.parking.ucf.edu', port=443): Max retries exceeded with url: /GarageCounter/GetOccupancy (Caused by NameResolutionError("<urllib3.connection.HTTPSConnection object at 0x000001B9F9F53ED0>: Failed to resolve 'secure.parking.ucf.edu' ([Errno 11001] getaddrinfo failed)"))
2025-09-21 04:03:10,778 - ERROR - Fetch error: HTTPSConnectionPool(host='secure.parking.ucf.edu', port=443): Max retries exceeded with url: /GarageCounter/GetOccupancy (Caused by NameResolutionError("<urllib3.connection.HTTPSConnection object at 0x000001B9F9F53C50>: Failed to resolve 'secure.parking.ucf.edu' ([Errno 11001] getaddrinfo failed)"))
2025-09-21 04:05:10,780 - ERROR - Fetch error: HTTPSConnectionPool(host='secure.parking.ucf.edu', port=443): Max retries exceeded with url: /GarageCounter/GetOccupancy (Caused by NameResolutionError("<urllib3.connection.HTTPSConnection object at 0x000001B9F9F53890>: Failed to resolve 'secure.parking.ucf.edu' ([Errno 11001] getaddrinfo failed)"))
2025-09-21 04:07:10,784 - ERROR - Fetch error: HTTPSConnectionPool(host='secure.parking.ucf.edu', port=443): Max retries exceeded with url: /GarageCounter/GetOccupancy (Caused by NameResolutionError("<urllib3.connection.HTTPSConnection object at 0x000001B9F9F534D0>: Failed to resolve 'secure.parking.ucf.edu' ([Errno 11001] getaddrinfo failed)"))
2025-09-21 04:09:10,787 - ERROR - Fetch error: HTTPSConnectionPool(host='secure.parking.ucf.edu', port=443): Max retries exceeded with url: /GarageCounter/GetOccupancy (Caused by NameResolutionError("<urllib3.connection.HTTPSConnection object at 0x000001B9F9F53110>: Failed to resolve 'secure.parking.ucf.edu' ([Errno 11001] getaddrinfo failed)"))
2025-09-21 04:11:10,791 - ERROR - Fetch error: HTTPSConnectionPool(host='secure.parking.ucf.edu', port=443): Max retries exceeded with url: /GarageCounter/GetOccupancy (Caused by NameResolutionError("<urllib3.connection.HTTPSConnection object at 0x000001B9F9F51BD0>: Failed to resolve 'secure.parking.ucf.edu' ([Errno 11001] getaddrinfo failed)"))
2025-09-21 04:13:10,793 - ERROR - Fetch error: HTTPSConnectionPool(host='secure.parking.ucf.edu', port=443): Max retries exceeded with url: /GarageCounter/GetOccupancy (Caused by NameResolutionError("<urllib3.connection.HTTPSConnection object at 0x000001B9F9F51E50>: Failed to resolve 'secure.parking.ucf.edu' ([Errno 11001] getaddrinfo failed)"))
2025-09-21 04:15:10,799 - ERROR - Fetch error: HTTPSConnectionPool(host='secure.parking.ucf.edu', port=443): Max retries exceeded with url: /GarageCounter/GetOccupancy (Caused by NameResolutionError("<urllib3.connection.HTTPSConnection object at 0x000001B9F9F51810>: Failed to resolve 'secure.parking.ucf.edu' ([Errno 11001] getaddrinfo failed)"))
2025-09-21 04:17:10,805 - ERROR - Fetch error: HTTPSConnectionPool(host='secure.parking.ucf.edu', port=443): Max retries exceeded with url: /GarageCounter/GetOccupancy (Caused by NameResolutionError("<urllib3.connection.HTTPSConnection object at 0x000001B9FA065A90>: Failed to resolve 'secure.parking.ucf.edu' ([Errno 11001] getaddrinfo failed)"))
2025-09-21 04:19:10,808 - ERROR - Fetch error: HTTPSConnectionPool(host='secure.parking.ucf.edu', port=443): Max retries exceeded with url: /GarageCounter/GetOccupancy (Caused by NameResolutionError("<urllib3.connection.HTTPSConnection object at 0x000001B9FA0656D0>: Failed to resolve 'secure.parking.ucf.edu' ([Errno 11001] getaddrinfo failed)"))
2025-09-21 04:21:10,814 - ERROR - Fetch error: HTTPSConnectionPool(host='secure.parking.ucf.edu', port=443): Max retries exceeded with url: /GarageCounter/GetOccupancy (Caused by NameResolutionError("<urllib3.connection.HTTPSConnection object at 0x000001B9FA065310>: Failed to resolve 'secure.parking.ucf.edu' ([Errno 11001] getaddrinfo failed)"))
2025-09-21 04:23:10,819 - ERROR - Fetch error: HTTPSConnectionPool(host='secure.parking.ucf.edu', port=443): Max retries exceeded with url: /GarageCounter/GetOccupancy (Caused by NameResolutionError("<urllib3.connection.HTTPSConnection object at 0x000001B9FA064F50>: Failed to resolve 'secure.parking.ucf.edu' ([Errno 11001] getaddrinfo failed)"))
2025-09-21 04:25:10,823 - ERROR - Fetch error: HTTPSConnectionPool(host='secure.parking.ucf.edu', port=443): Max retries exceeded with url: /GarageCounter/GetOccupancy (Caused by NameResolutionError("<urllib3.connection.HTTPSConnection object at 0x000001B9FA064B90>: Failed to resolve 'secure.parking.ucf.edu' ([Errno 11001] getaddrinfo failed)"))
2025-09-21 04:27:10,830 - ERROR - Fetch error: HTTPSConnectionPool(host='secure.parking.ucf.edu', port=443): Max retries exceeded with url: /GarageCounter/GetOccupancy (Caused by NameResolutionError("<urllib3.connection.HTTPSConnection object at 0x000001B9FA0647D0>: Failed to resolve 'secure.parking.ucf.edu' ([Errno 11001] getaddrinfo failed)"))
2025-09-21 04:29:10,835 - ERROR - Fetch error: HTTPSConnectionPool(host='secure.parking.ucf.edu', port=443): Max retries exceeded with url: /GarageCounter/GetOccupancy (Caused by NameResolutionError("<urllib3.connection.HTTPSConnection object at 0x000001B9FA064410>: Failed to resolve 'secure.parking.ucf.edu' ([Errno 11001] getaddrinfo failed)"))
2025-09-21 04:31:10,837 - ERROR - Fetch error: HTTPSConnectionPool(host='secure.parking.ucf.edu', port=443): Max retries exceeded with url: /GarageCounter/GetOccupancy (Caused by NameResolutionError("<urllib3.connection.HTTPSConnection object at 0x000001B9FA066850>: Failed to resolve 'secure.parking.ucf.edu' ([Errno 11001] getaddrinfo failed)"))
2025-09-21 04:33:10,839 - ERROR - Fetch error: HTTPSConnectionPool(host='secure.parking.ucf.edu', port=443): Max retries exceeded with url: /GarageCounter/GetOccupancy (Caused by NameResolutionError("<urllib3.connection.HTTPSConnection object at 0x000001B9F9F52210>: Failed to resolve 'secure.parking.ucf.edu' ([Errno 11001] getaddrinfo failed)"))
2025-09-21 04:35:10,840 - ERROR - Fetch error: HTTPSConnectionPool(host='secure.parking.ucf.edu', port=443): Max retries exceeded with url: /GarageCounter/GetOccupancy (Caused by NameResolutionError("<urllib3.connection.HTTPSConnection object at 0x000001B9F9F51F90>: Failed to resolve 'secure.parking.ucf.edu' ([Errno 11001] getaddrinfo failed)"))
2025-09-21 04:37:10,842 - ERROR - Fetch error: HTTPSConnectionPool(host='secure.parking.ucf.edu', port=443): Max retries exceeded with url: /GarageCounter/GetOccupancy (Caused by NameResolutionError("<urllib3.connection.HTTPSConnection object at 0x000001B9F9F52C10>: Failed to resolve 'secure.parking.ucf.edu' ([Errno 11001] getaddrinfo failed)"))
2025-09-21 04:39:10,848 - ERROR - Fetch error: HTTPSConnectionPool(host='secure.parking.ucf.edu', port=443): Max retries exceeded with url: /GarageCounter/GetOccupancy (Caused by NameResolutionError("<urllib3.connection.HTTPSConnection object at 0x000001B9F9F520D0>: Failed to resolve 'secure.parking.ucf.edu' ([Errno 11001] getaddrinfo failed)"))
2025-09-21 04:41:10,850 - ERROR - Fetch error: HTTPSConnectionPool(host='secure.parking.ucf.edu', port=443): Max retries exceeded with url: /GarageCounter/GetOccupancy (Caused by NameResolutionError("<urllib3.connection.HTTPSConnection object at 0x000001B9F9F516D0>: Failed to resolve 'secure.parking.ucf.edu' ([Errno 11001] getaddrinfo failed)"))
2025-09-21 04:43:10,852 - ERROR - Fetch error: HTTPSConnectionPool(host='secure.parking.ucf.edu', port=443): Max retries exceeded with url: /GarageCounter/GetOccupancy (Caused by NameResolutionError("<urllib3.connection.HTTPSConnection object at 0x000001B9F9F52FD0>: Failed to resolve 'secure.parking.ucf.edu' ([Errno 11001] getaddrinfo failed)"))
2025-09-21 04:45:10,854 - ERROR - Fetch error: HTTPSConnectionPool(host='secure.parking.ucf.edu', port=443): Max retries exceeded with url: /GarageCounter/GetOccupancy (Caused by NameResolutionError("<urllib3.connection.HTTPSConnection object at 0x000001B9F9F53390>: Failed to resolve 'secure.parking.ucf.edu' ([Errno 11001] getaddrinfo failed)"))
2025-09-21 04:47:10,856 - ERROR - Fetch error: HTTPSConnectionPool(host='secure.parking.ucf.edu', port=443): Max retries exceeded with url: /GarageCounter/GetOccupancy (Caused by NameResolutionError("<urllib3.connection.HTTPSConnection object at 0x000001B9F9F53750>: Failed to resolve 'secure.parking.ucf.edu' ([Errno 11001] getaddrinfo failed)"))
2025-09-21 04:49:10,861 - ERROR - Fetch error: HTTPSConnectionPool(host='secure.parking.ucf.edu', port=443): Max retries exceeded with url: /GarageCounter/GetOccupancy (Caused by NameResolutionError("<urllib3.connection.HTTPSConnection object at 0x000001B9FA065D10>: Failed to resolve 'secure.parking.ucf.edu' ([Errno 11001] getaddrinfo failed)"))
2025-09-21 04:51:10,866 - ERROR - Fetch error: HTTPSConnectionPool(host='secure.parking.ucf.edu', port=443): Max retries exceeded with url: /GarageCounter/GetOccupancy (Caused by NameResolutionError("<urllib3.connection.HTTPSConnection object at 0x000001B9FA064050>: Failed to resolve 'secure.parking.ucf.edu' ([Errno 11001] getaddrinfo failed)"))
2025-09-21 04:53:10,868 - ERROR - Fetch error: HTTPSConnectionPool(host='secure.parking.ucf.edu', port=443): Max retries exceeded with url: /GarageCounter/GetOccupancy (Caused by NameResolutionError("<urllib3.connection.HTTPSConnection object at 0x000001B9FA0642D0>: Failed to resolve 'secure.parking.ucf.edu' ([Errno 11001] getaddrinfo failed)"))
2025-09-21 04:55:10,870 - ERROR - Fetch error: HTTPSConnectionPool(host='secure.parking.ucf.edu', port=443): Max retries exceeded with url: /GarageCounter/GetOccupancy (Caused by NameResolutionError("<urllib3.connection.HTTPSConnection object at 0x000001B9FA064690>: Failed to resolve 'secure.parking.ucf.edu' ([Errno 11001] getaddrinfo failed)"))
2025-09-21 04:57:10,872 - ERROR - Fetch error: HTTPSConnectionPool(host='secure.parking.ucf.edu', port=443): Max retries exceeded with url: /GarageCounter/GetOccupancy (Caused by NameResolutionError("<urllib3.connection.HTTPSConnection object at 0x000001B9FA064A50>: Failed to resolve 'secure.parking.ucf.edu' ([Errno 11001] getaddrinfo failed)"))
2025-09-21 04:59:10,877 - ERROR - Fetch error: HTTPSConnectionPool(host='secure.parking.ucf.edu', port=443): Max retries exceeded with url: /GarageCounter/GetOccupancy (Caused by NameResolutionError("<urllib3.connection.HTTPSConnection object at 0x000001B9FA064E10>: Failed to resolve 'secure.parking.ucf.edu' ([Errno 11001] getaddrinfo failed)"))
2025-09-21 05:01:10,883 - ERROR - Fetch error: HTTPSConnectionPool(host='secure.parking.ucf.edu', port=443): Max retries exceeded with url: /GarageCounter/GetOccupancy (Caused by NameResolutionError("<urllib3.connection.HTTPSConnection object at 0x000001B9FA0651D0>: Failed to resolve 'secure.parking.ucf.edu' ([Errno 11001] getaddrinfo failed)"))
2025-09-21 05:03:10,884 - ERROR - Fetch error: HTTPSConnectionPool(host='secure.parking.ucf.edu', port=443): Max retries exceeded with url: /GarageCounter/GetOccupancy (Caused by NameResolutionError("<urllib3.connection.HTTPSConnection object at 0x000001B9FA065590>: Failed to resolve 'secure.parking.ucf.edu' ([Errno 11001] getaddrinfo failed)"))
2025-09-21 05:05:10,892 - ERROR - Fetch error: HTTPSConnectionPool(host='secure.parking.ucf.edu', port=443): Max retries exceeded with url: /GarageCounter/GetOccupancy (Caused by NameResolutionError("<urllib3.connection.HTTPSConnection object at 0x000001B9FA066C10>: Failed to resolve 'secure.parking.ucf.edu' ([Errno 11001] getaddrinfo failed)"))
2025-09-21 05:07:10,898 - ERROR - Fetch error: HTTPSConnectionPool(host='secure.parking.ucf.edu', port=443): Max retries exceeded with url: /GarageCounter/GetOccupancy (Caused by NameResolutionError("<urllib3.connection.HTTPSConnection object at 0x000001B9F9F53750>: Failed to resolve 'secure.parking.ucf.edu' ([Errno 11001] getaddrinfo failed)"))
2025-09-21 05:09:10,902 - ERROR - Fetch error: HTTPSConnectionPool(host='secure.parking.ucf.edu', port=443): Max retries exceeded with url: /GarageCounter/GetOccupancy (Caused by NameResolutionError("<urllib3.connection.HTTPSConnection object at 0x000001B9F9F53390>: Failed to resolve 'secure.parking.ucf.edu' ([Errno 11001] getaddrinfo failed)"))
2025-09-21 05:11:10,904 - ERROR - Fetch error: HTTPSConnectionPool(host='secure.parking.ucf.edu', port=443): Max retries exceeded with url: /GarageCounter/GetOccupancy (Caused by NameResolutionError("<urllib3.connection.HTTPSConnection object at 0x000001B9F9F52FD0>: Failed to resolve 'secure.parking.ucf.edu' ([Errno 11001] getaddrinfo failed)"))
2025-09-21 05:13:10,906 - ERROR - Fetch error: HTTPSConnectionPool(host='secure.parking.ucf.edu', port=443): Max retries exceeded with url: /GarageCounter/GetOccupancy (Caused by NameResolutionError("<urllib3.connection.HTTPSConnection object at 0x000001B9F9F516D0>: Failed to resolve 'secure.parking.ucf.edu' ([Errno 11001] getaddrinfo failed)"))
2025-09-21 05:15:10,911 - ERROR - Fetch error: HTTPSConnectionPool(host='secure.parking.ucf.edu', port=443): Max retries exceeded with url: /GarageCounter/GetOccupancy (Caused by NameResolutionError("<urllib3.connection.HTTPSConnection object at 0x000001B9F9F520D0>: Failed to resolve 'secure.parking.ucf.edu' ([Errno 11001] getaddrinfo failed)"))
2025-09-21 05:17:10,916 - ERROR - Fetch error: HTTPSConnectionPool(host='secure.parking.ucf.edu', port=443): Max retries exceeded with url: /GarageCounter/GetOccupancy (Caused by NameResolutionError("<urllib3.connection.HTTPSConnection object at 0x000001B9F9F52C10>: Failed to resolve 'secure.parking.ucf.edu' ([Errno 11001] getaddrinfo failed)"))
2025-09-21 05:19:10,919 - ERROR - Fetch error: HTTPSConnectionPool(host='secure.parking.ucf.edu', port=443): Max retries exceeded with url: /GarageCounter/GetOccupancy (Caused by NameResolutionError("<urllib3.connection.HTTPSConnection object at 0x000001B9F9F51F90>: Failed to resolve 'secure.parking.ucf.edu' ([Errno 11001] getaddrinfo failed)"))
2025-09-21 05:21:10,924 - ERROR - Fetch error: HTTPSConnectionPool(host='secure.parking.ucf.edu', port=443): Max retries exceeded with url: /GarageCounter/GetOccupancy (Caused by NameResolutionError("<urllib3.connection.HTTPSConnection object at 0x000001B9F9F52210>: Failed to resolve 'secure.parking.ucf.edu' ([Errno 11001] getaddrinfo failed)"))
2025-09-21 05:23:10,926 - ERROR - Fetch error: HTTPSConnectionPool(host='secure.parking.ucf.edu', port=443): Max retries exceeded with url: /GarageCounter/GetOccupancy (Caused by NameResolutionError("<urllib3.connection.HTTPSConnection object at 0x000001B9FA065590>: Failed to resolve 'secure.parking.ucf.edu' ([Errno 11001] getaddrinfo failed)"))
2025-09-21 05:25:10,931 - ERROR - Fetch error: HTTPSConnectionPool(host='secure.parking.ucf.edu', port=443): Max retries exceeded with url: /GarageCounter/GetOccupancy (Caused by NameResolutionError("<urllib3.connection.HTTPSConnection object at 0x000001B9FA0651D0>: Failed to resolve 'secure.parking.ucf.edu' ([Errno 11001] getaddrinfo failed)"))
2025-09-21 05:27:10,937 - ERROR - Fetch error: HTTPSConnectionPool(host='secure.parking.ucf.edu', port=443): Max retries exceeded with url: /GarageCounter/GetOccupancy (Caused by NameResolutionError("<urllib3.connection.HTTPSConnection object at 0x000001B9FA064E10>: Failed to resolve 'secure.parking.ucf.edu' ([Errno 11001] getaddrinfo failed)"))
2025-09-21 05:29:10,940 - ERROR - Fetch error: HTTPSConnectionPool(host='secure.parking.ucf.edu', port=443): Max retries exceeded with url: /GarageCounter/GetOccupancy (Caused by NameResolutionError("<urllib3.connection.HTTPSConnection object at 0x000001B9FA064A50>: Failed to resolve 'secure.parking.ucf.edu' ([Errno 11001] getaddrinfo failed)"))
2025-09-21 05:31:10,942 - ERROR - Fetch error: HTTPSConnectionPool(host='secure.parking.ucf.edu', port=443): Max retries exceeded with url: /GarageCounter/GetOccupancy (Caused by NameResolutionError("<urllib3.connection.HTTPSConnection object at 0x000001B9FA064690>: Failed to resolve 'secure.parking.ucf.edu' ([Errno 11001] getaddrinfo failed)"))
2025-09-21 05:33:10,944 - ERROR - Fetch error: HTTPSConnectionPool(host='secure.parking.ucf.edu', port=443): Max retries exceeded with url: /GarageCounter/GetOccupancy (Caused by NameResolutionError("<urllib3.connection.HTTPSConnection object at 0x000001B9FA0642D0>: Failed to resolve 'secure.parking.ucf.edu' ([Errno 11001] getaddrinfo failed)"))
2025-09-21 05:35:10,947 - ERROR - Fetch error: HTTPSConnectionPool(host='secure.parking.ucf.edu', port=443): Max retries exceeded with url: /GarageCounter/GetOccupancy (Caused by NameResolutionError("<urllib3.connection.HTTPSConnection object at 0x000001B9FA064050>: Failed to resolve 'secure.parking.ucf.edu' ([Errno 11001] getaddrinfo failed)"))
2025-09-21 05:37:10,948 - ERROR - Fetch error: HTTPSConnectionPool(host='secure.parking.ucf.edu', port=443): Max retries exceeded with url: /GarageCounter/GetOccupancy (Caused by NameResolutionError("<urllib3.connection.HTTPSConnection object at 0x000001B9FA065D10>: Failed to resolve 'secure.parking.ucf.edu' ([Errno 11001] getaddrinfo failed)"))
2025-09-21 05:39:10,956 - ERROR - Fetch error: HTTPSConnectionPool(host='secure.parking.ucf.edu', port=443): Max retries exceeded with url: /GarageCounter/GetOccupancy (Caused by NameResolutionError("<urllib3.connection.HTTPSConnection object at 0x000001B9FA066FD0>: Failed to resolve 'secure.parking.ucf.edu' ([Errno 11001] getaddrinfo failed)"))
2025-09-21 05:41:10,959 - ERROR - Fetch error: HTTPSConnectionPool(host='secure.parking.ucf.edu', port=443): Max retries exceeded with url: /GarageCounter/GetOccupancy (Caused by NameResolutionError("<urllib3.connection.HTTPSConnection object at 0x000001B9F9F51E50>: Failed to resolve 'secure.parking.ucf.edu' ([Errno 11001] getaddrinfo failed)"))
2025-09-21 05:43:10,961 - ERROR - Fetch error: HTTPSConnectionPool(host='secure.parking.ucf.edu', port=443): Max retries exceeded with url: /GarageCounter/GetOccupancy (Caused by NameResolutionError("<urllib3.connection.HTTPSConnection object at 0x000001B9F9F51BD0>: Failed to resolve 'secure.parking.ucf.edu' ([Errno 11001] getaddrinfo failed)"))
2025-09-21 05:45:10,966 - ERROR - Fetch error: HTTPSConnectionPool(host='secure.parking.ucf.edu', port=443): Max retries exceeded with url: /GarageCounter/GetOccupancy (Caused by NameResolutionError("<urllib3.connection.HTTPSConnection object at 0x000001B9F9F53110>: Failed to resolve 'secure.parking.ucf.edu' ([Errno 11001] getaddrinfo failed)"))
2025-09-21 05:47:10,969 - ERROR - Fetch error: HTTPSConnectionPool(host='secure.parking.ucf.edu', port=443): Max retries exceeded with url: /GarageCounter/GetOccupancy (Caused by NameResolutionError("<urllib3.connection.HTTPSConnection object at 0x000001B9F9F534D0>: Failed to resolve 'secure.parking.ucf.edu' ([Errno 11001] getaddrinfo failed)"))
2025-09-21 05:49:10,970 - ERROR - Fetch error: HTTPSConnectionPool(host='secure.parking.ucf.edu', port=443): Max retries exceeded with url: /GarageCounter/GetOccupancy (Caused by NameResolutionError("<urllib3.connection.HTTPSConnection object at 0x000001B9F9F53890>: Failed to resolve 'secure.parking.ucf.edu' ([Errno 11001] getaddrinfo failed)"))
2025-09-21 05:51:10,973 - ERROR - Fetch error: HTTPSConnectionPool(host='secure.parking.ucf.edu', port=443): Max retries exceeded with url: /GarageCounter/GetOccupancy (Caused by NameResolutionError("<urllib3.connection.HTTPSConnection object at 0x000001B9F9F53C50>: Failed to resolve 'secure.parking.ucf.edu' ([Errno 11001] getaddrinfo failed)"))
2025-09-21 05:53:10,975 - ERROR - Fetch error: HTTPSConnectionPool(host='secure.parking.ucf.edu', port=443): Max retries exceeded with url: /GarageCounter/GetOccupancy (Caused by NameResolutionError("<urllib3.connection.HTTPSConnection object at 0x000001B9F9F53ED0>: Failed to resolve 'secure.parking.ucf.edu' ([Errno 11001] getaddrinfo failed)"))
2025-09-21 05:55:10,981 - ERROR - Fetch error: HTTPSConnectionPool(host='secure.parking.ucf.edu', port=443): Max retries exceeded with url: /GarageCounter/GetOccupancy (Caused by NameResolutionError("<urllib3.connection.HTTPSConnection object at 0x000001B9F9F53B10>: Failed to resolve 'secure.parking.ucf.edu' ([Errno 11001] getaddrinfo failed)"))
2025-09-21 05:57:10,984 - ERROR - Fetch error: HTTPSConnectionPool(host='secure.parking.ucf.edu', port=443): Max retries exceeded with url: /GarageCounter/GetOccupancy (Caused by NameResolutionError("<urllib3.connection.HTTPSConnection object at 0x000001B9FA064410>: Failed to resolve 'secure.parking.ucf.edu' ([Errno 11001] getaddrinfo failed)"))
2025-09-21 05:59:10,990 - ERROR - Fetch error: HTTPSConnectionPool(host='secure.parking.ucf.edu', port=443): Max retries exceeded with url: /GarageCounter/GetOccupancy (Caused by NameResolutionError("<urllib3.connection.HTTPSConnection object at 0x000001B9FA0647D0>: Failed to resolve 'secure.parking.ucf.edu' ([Errno 11001] getaddrinfo failed)"))
2025-09-21 06:01:11,960 - INFO - Weekend detected — no data saved.
2025-09-21 06:03:12,482 - INFO - Weekend detected — no data saved.
2025-09-21 06:05:12,976 - INFO - Weekend detected — no data saved.
2025-09-21 06:07:13,915 - INFO - Weekend detected — no data saved.
2025-09-21 06:09:14,408 - INFO - Weekend detected — no data saved.
2025-09-21 06:11:14,950 - INFO - Weekend detected — no data saved.
2025-09-21 06:13:15,457 - INFO - Weekend detected — no data saved.
2025-09-21 06:15:16,385 - INFO - Weekend detected — no data saved.
2025-09-21 06:17:17,320 - INFO - Weekend detected — no data saved.
2025-09-21 06:19:18,277 - INFO - Weekend detected — no data saved.
2025-09-21 06:21:18,777 - INFO - Weekend detected — no data saved.
2025-09-21 06:23:19,319 - INFO - Weekend detected — no data saved.
2025-09-21 06:25:19,829 - INFO - Weekend detected — no data saved.
2025-09-21 06:27:20,346 - INFO - Weekend detected — no data saved.
2025-09-21 06:29:21,112 - INFO - Weekend detected — no data saved.
2025-09-21 06:31:21,673 - INFO - Weekend detected — no data saved.
2025-09-21 06:33:22,181 - INFO - Weekend detected — no data saved.
2025-09-21 06:35:22,727 - INFO - Weekend detected — no data saved.
2025-09-21 06:37:23,224 - INFO - Weekend detected — no data saved.
2025-09-21 06:39:23,734 - INFO - Weekend detected — no data saved.
2025-09-21 06:41:24,242 - INFO - Weekend detected — no data saved.
2025-09-21 06:43:24,759 - INFO - Weekend detected — no data saved.
2025-09-21 06:45:25,274 - INFO - Weekend detected — no data saved.
2025-09-21 06:47:25,798 - INFO - Weekend detected — no data saved.
2025-09-21 06:49:26,752 - INFO - Weekend detected — no data saved.
2025-09-21 06:51:27,260 - INFO - Weekend detected — no data saved.
2025-09-21 06:53:27,765 - INFO - Weekend detected — no data saved.
2025-09-21 06:55:28,295 - INFO - Weekend detected — no data saved.
2025-09-21 06:57:28,807 - INFO - Weekend detected — no data saved.
2025-09-21 06:59:29,307 - INFO - Weekend detected — no data saved.
2025-09-21 07:01:30,256 - INFO - Weekend detected — no data saved.
2025-09-21 07:03:30,783 - INFO - Weekend detected — no data saved.
2025-09-21 07:05:31,279 - INFO - Weekend detected — no data saved.
2025-09-21 07:07:31,780 - INFO - Weekend detected — no data saved.
2025-09-21 07:09:32,291 - INFO - Weekend detected — no data saved.
2025-09-21 07:11:32,798 - INFO - Weekend detected — no data saved.
2025-09-21 07:13:33,311 - INFO - Weekend detected — no data saved.
2025-09-21 07:15:33,869 - INFO - Weekend detected — no data saved.
2025-09-21 07:17:34,774 - INFO - Weekend detected — no data saved.
2025-09-21 07:19:35,278 - INFO - Weekend detected — no data saved.
2025-09-21 07:21:36,236 - INFO - Weekend detected — no data saved.
2025-09-21 07:23:36,736 - INFO - Weekend detected — no data saved.
2025-09-21 07:25:37,248 - INFO - Weekend detected — no data saved.
2025-09-21 07:27:37,784 - INFO - Weekend detected — no data saved.
2025-09-21 07:29:38,296 - INFO - Weekend detected — no data saved.
2025-09-21 07:31:38,887 - INFO - Weekend detected — no data saved.
2025-09-21 07:33:39,407 - INFO - Weekend detected — no data saved.
2025-09-21 07:35:39,936 - INFO - Weekend detected — no data saved.
2025-09-21 07:37:40,495 - INFO - Weekend detected — no data saved.
2025-09-21 07:39:41,003 - INFO - Weekend detected — no data saved.
2025-09-21 07:41:41,954 - INFO - Weekend detected — no data saved.
2025-09-21 07:43:42,472 - INFO - Weekend detected — no data saved.
2025-09-21 07:45:42,988 - INFO - Weekend detected — no data saved.
2025-09-21 07:47:43,509 - INFO - Weekend detected — no data saved.
2025-09-21 07:49:44,017 - INFO - Weekend detected — no data saved.
2025-09-21 07:51:44,530 - INFO - Weekend detected — no data saved.
2025-09-21 07:53:45,038 - INFO - Weekend detected — no data saved.
2025-09-21 07:55:45,552 - INFO - Weekend detected — no data saved.
2025-09-21 07:57:46,082 - INFO - Weekend detected — no data saved.
2025-09-21 07:59:46,592 - INFO - Weekend detected — no data saved.
2025-09-21 08:01:47,107 - INFO - Weekend detected — no data saved.
2025-09-21 08:03:47,617 - INFO - Weekend detected — no data saved.
2025-09-21 08:05:48,517 - INFO - Weekend detected — no data saved.
2025-09-21 08:07:49,058 - INFO - Weekend detected — no data saved.
2025-09-21 08:09:49,979 - INFO - Weekend detected — no data saved.
2025-09-21 08:11:50,522 - INFO - Weekend detected — no data saved.
2025-09-21 08:13:51,060 - INFO - Weekend detected — no data saved.
2025-09-21 08:15:51,591 - INFO - Weekend detected — no data saved.
2025-09-21 08:17:52,095 - INFO - Weekend detected — no data saved.
2025-09-21 08:19:52,605 - INFO - Weekend detected — no data saved.
2025-09-21 08:21:53,141 - INFO - Weekend detected — no data saved.
2025-09-21 08:23:53,685 - INFO - Weekend detected — no data saved.
2025-09-21 08:25:54,213 - INFO - Weekend detected — no data saved.
2025-09-21 08:27:54,715 - INFO - Weekend detected — no data saved.
2025-09-21 08:29:55,237 - INFO - Weekend detected — no data saved.
2025-09-21 08:31:56,251 - INFO - Weekend detected — no data saved.
2025-09-21 08:33:56,771 - INFO - Weekend detected — no data saved.
2025-09-21 08:35:57,286 - INFO - Weekend detected — no data saved.
2025-09-21 08:37:57,795 - INFO - Weekend detected — no data saved.
2025-09-21 08:39:58,321 - INFO - Weekend detected — no data saved.
2025-09-21 08:41:59,267 - INFO - Weekend detected — no data saved.
2025-09-21 08:44:00,163 - INFO - Weekend detected — no data saved.
2025-09-21 08:46:00,683 - INFO - Weekend detected — no data saved.
2025-09-21 08:48:01,184 - INFO - Weekend detected — no data saved.
2025-09-21 08:50:01,692 - INFO - Weekend detected — no data saved.
2025-09-21 08:52:02,215 - INFO - Weekend detected — no data saved.
2025-09-21 08:54:02,719 - INFO - Weekend detected — no data saved.
2025-09-21 08:56:03,228 - INFO - Weekend detected — no data saved.
2025-09-21 08:58:03,749 - INFO - Weekend detected — no data saved.
2025-09-21 09:00:04,265 - INFO - Weekend detected — no data saved.
2025-09-21 09:02:04,778 - INFO - Weekend detected — no data saved.
2025-09-21 09:04:05,295 - INFO - Weekend detected — no data saved.
2025-09-21 09:06:05,838 - INFO - Weekend detected — no data saved.
2025-09-21 09:08:06,350 - INFO - Weekend detected — no data saved.
2025-09-21 09:10:06,914 - INFO - Weekend detected — no data saved.
2025-09-21 09:12:07,834 - INFO - Weekend detected — no data saved.
2025-09-21 09:14:08,367 - INFO - Weekend detected — no data saved.
2025-09-21 09:16:08,869 - INFO - Weekend detected — no data saved.
2025-09-21 09:18:09,855 - INFO - Weekend detected — no data saved.
2025-09-21 09:20:10,830 - INFO - Weekend detected — no data saved.
2025-09-21 09:22:11,344 - INFO - Weekend detected — no data saved.
2025-09-21 09:24:12,250 - INFO - Weekend detected — no data saved.
2025-09-21 09:26:13,198 - INFO - Weekend detected — no data saved.
2025-09-21 09:28:13,707 - INFO - Weekend detected — no data saved.
2025-09-21 09:30:14,228 - INFO - Weekend detected — no data saved.
2025-09-21 09:32:14,766 - INFO - Weekend detected — no data saved.
2025-09-21 09:34:15,265 - INFO - Weekend detected — no data saved.
2025-09-21 09:36:15,772 - INFO - Weekend detected — no data saved.
2025-09-21 09:38:16,298 - INFO - Weekend detected — no data saved.
2025-09-21 09:40:17,266 - INFO - Weekend detected — no data saved.
2025-09-21 09:42:17,771 - INFO - Weekend detected — no data saved.
2025-09-21 09:44:18,299 - INFO - Weekend detected — no data saved.
2025-09-21 09:46:18,811 - INFO - Weekend detected — no data saved.
2025-09-21 09:48:19,326 - INFO - Weekend detected — no data saved.
2025-09-21 09:50:19,833 - INFO - Weekend detected — no data saved.
2025-09-21 09:52:20,817 - INFO - Weekend detected — no data saved.
2025-09-21 09:54:21,333 - INFO - Weekend detected — no data saved.
2025-09-21 09:56:21,841 - INFO - Weekend detected — no data saved.
2025-09-21 09:58:22,397 - INFO - Weekend detected — no data saved.
2025-09-21 10:00:22,923 - INFO - Weekend detected — no data saved.
2025-09-21 10:02:23,433 - INFO - Weekend detected — no data saved.
2025-09-21 10:04:23,953 - INFO - Weekend detected — no data saved.
2025-09-21 10:06:24,488 - INFO - Weekend detected — no data saved.
2025-09-21 10:08:24,995 - INFO - Weekend detected — no data saved.
2025-09-21 10:10:25,502 - INFO - Weekend detected — no data saved.
2025-09-21 10:12:26,030 - INFO - Weekend detected — no data saved.
2025-09-21 10:14:26,534 - INFO - Weekend detected — no data saved.
2025-09-21 10:16:27,485 - INFO - Weekend detected — no data saved.
2025-09-21 10:18:28,045 - INFO - Weekend detected — no data saved.
2025-09-21 10:20:28,551 - INFO - Weekend detected — no data saved.
2025-09-21 10:22:29,093 - INFO - Weekend detected — no data saved.
2025-09-21 10:24:29,594 - INFO - Weekend detected — no data saved.
2025-09-21 10:26:30,146 - INFO - Weekend detected — no data saved.
2025-09-21 10:28:30,656 - INFO - Weekend detected — no data saved.
2025-09-21 10:30:31,169 - INFO - Weekend detected — no data saved.
2025-09-21 10:32:31,679 - INFO - Weekend detected — no data saved.
2025-09-21 10:34:32,186 - INFO - Weekend detected — no data saved.
2025-09-21 10:36:33,182 - INFO - Weekend detected — no data saved.
2025-09-21 10:38:34,179 - INFO - Weekend detected — no data saved.
2025-09-21 10:40:34,680 - INFO - Weekend detected — no data saved.
2025-09-21 10:42:35,187 - INFO - Weekend detected — no data saved.
2025-09-21 10:44:35,693 - INFO - Weekend detected — no data saved.
2025-09-21 10:46:36,246 - INFO - Weekend detected — no data saved.
2025-09-21 10:48:36,752 - INFO - Weekend detected — no data saved.
2025-09-21 10:50:37,251 - INFO - Weekend detected — no data saved.
2025-09-21 10:52:38,190 - INFO - Weekend detected — no data saved.
2025-09-21 10:54:38,720 - INFO - Weekend detected — no data saved.
2025-09-21 10:56:39,227 - INFO - Weekend detected — no data saved.
2025-09-21 10:58:39,759 - INFO - Weekend detected — no data saved.
2025-09-21 11:00:40,262 - INFO - Weekend detected — no data saved.
2025-09-21 11:02:41,259 - INFO - Weekend detected — no data saved.
2025-09-21 11:04:42,192 - INFO - Weekend detected — no data saved.
2025-09-21 11:06:42,701 - INFO - Weekend detected — no data saved.
2025-09-21 11:08:43,225 - INFO - Weekend detected — no data saved.
2025-09-21 11:10:43,727 - INFO - Weekend detected — no data saved.
2025-09-21 11:12:44,262 - INFO - Weekend detected — no data saved.
2025-09-21 11:14:44,764 - INFO - Weekend detected — no data saved.
2025-09-21 11:16:45,731 - INFO - Weekend detected — no data saved.
2025-09-21 11:18:46,279 - INFO - Weekend detected — no data saved.
2025-09-21 11:20:46,844 - INFO - Weekend detected — no data saved.
2025-09-21 11:22:47,389 - INFO - Weekend detected — no data saved.
2025-09-21 11:24:47,924 - INFO - Weekend detected — no data saved.
2025-09-21 11:26:48,881 - INFO - Weekend detected — no data saved.
2025-09-21 11:28:49,836 - INFO - Weekend detected — no data saved.
2025-09-21 11:30:50,749 - INFO - Weekend detected — no data saved.
2025-09-21 11:32:51,676 - INFO - Weekend detected — no data saved.
2025-09-21 11:34:52,648 - INFO - Weekend detected — no data saved.
2025-09-21 11:36:53,176 - INFO - Weekend detected — no data saved.
2025-09-21 11:38:53,684 - INFO - Weekend detected — no data saved.
2025-09-21 11:40:54,185 - INFO - Weekend detected — no data saved.
2025-09-21 11:42:54,720 - INFO - Weekend detected — no data saved.
2025-09-21 11:44:55,228 - INFO - Weekend detected — no data saved.
2025-09-21 11:46:55,803 - INFO - Weekend detected — no data saved.
2025-09-21 11:48:56,330 - INFO - Weekend detected — no data saved.
2025-09-21 11:50:56,839 - INFO - Weekend detected — no data saved.
2025-09-21 11:52:57,767 - INFO - Weekend detected — no data saved.
2025-09-21 11:54:58,279 - INFO - Weekend detected — no data saved.
2025-09-21 11:56:58,783 - INFO - Weekend detected — no data saved.
2025-09-21 11:58:59,303 - INFO - Weekend detected — no data saved.
2025-09-21 12:00:59,810 - INFO - Weekend detected — no data saved.
2025-09-21 12:03:00,834 - INFO - Weekend detected — no data saved.
2025-09-21 12:05:01,828 - INFO - Weekend detected — no data saved.
2025-09-21 12:07:02,338 - INFO - Weekend detected — no data saved.
2025-09-21 12:09:02,881 - INFO - Weekend detected — no data saved.
2025-09-21 12:11:03,416 - INFO - Weekend detected — no data saved.
2025-09-21 12:13:03,931 - INFO - Weekend detected — no data saved.
2025-09-21 12:15:04,479 - INFO - Weekend detected — no data saved.
2025-09-21 12:17:05,391 - INFO - Weekend detected — no data saved.
2025-09-21 12:19:05,900 - INFO - Weekend detected — no data saved.
2025-09-21 14:27:55,026 - INFO - Data appended to data\parking_data_20250921.jsonl at 2025-09-21 14:27:55.024421 (4 garages)
2025-09-21 14:28:35,630 - INFO - Data appended to data\parking_data_20250921.jsonl at 2025-09-21 14:28:35.629434 (4 garages)
2025-09-21 14:29:03,295 - INFO - Data appended to data\parking_data_20250921.jsonl at 2025-09-21 14:29:03.294007 (4 garages)
2025-09-21 14:31:03,834 - INFO - Data appended to data\parking_data_20250921.jsonl at 2025-09-21 14:31:03.834209 (4 garages)
2025-09-21 14:33:04,353 - INFO - Data appended to data\parking_data_20250921.jsonl at 2025-09-21 14:33:04.353112 (4 garages)
2025-09-21 14:35:04,891 - INFO - Data appended to data\parking_data_20250921.jsonl at 2025-09-21 14:35:04.891199 (4 garages)
2025-09-21 14:37:05,425 - INFO - Data appended to data\parking_data_20250921.jsonl at 2025-09-21 14:37:05.425263 (4 garages)
2025-09-21 14:39:05,942 - INFO - Data appended to data\parking_data_20250921.jsonl at 2025-09-21 14:39:05.941983 (4 garages)
2025-09-21 14:41:06,914 - INFO - Data appended to data\parking_data_20250921.jsonl at 2025-09-21 14:41:06.913873 (4 garages)
2025-09-21 14:43:07,920 - INFO - Data appended to data\parking_data_20250921.jsonl at 2025-09-21 14:43:07.919856 (4 garages)
2025-09-21 14:45:08,436 - INFO - Data appended to data\parking_data_20250921.jsonl at 2025-09-21 14:45:08.435747 (4 garages)
2025-09-21 14:47:08,967 - INFO - Data appended to data\parking_data_20250921.jsonl at 2025-09-21 14:47:08.965882 (4 garages)
2025-09-21 14:49:09,488 - INFO - Data appended to data\parking_data_20250921.jsonl at 2025-09-21 14:49:09.488207 (4 garages)
2025-09-21 14:51:10,018 - INFO - Data appended to data\parking_data_20250921.jsonl at 2025-09-21 14:51:10.017144 (4 garages)
2025-09-21 14:53:10,542 - INFO - Data appended to data\parking_data_20250921.jsonl at 2025-09-21 14:53:10.541819 (4 garages)
2025-09-21 14:55:11,090 - INFO - Data appended to data\parking_data_20250921.jsonl at 2025-09-21 14:55:11.090334 (4 garages)
2025-09-21 14:57:11,616 - INFO - Data appended to data\parking_data_20250921.jsonl at 2025-09-21 14:57:11.615180 (4 garages)
2025-09-21 14:59:12,523 - INFO - Data appended to data\parking_data_20250921.jsonl at 2025-09-21 14:59:12.522779 (4 garages)
2025-09-21 15:01:13,481 - INFO - Data appended to data\parking_data_20250921.jsonl at 2025-09-21 15:01:13.480000 (4 garages)
2025-09-21 15:03:14,023 - INFO - Data appended to data\parking_data_20250921.jsonl at 2025-09-21 15:03:14.022674 (4 garages)
2025-09-21 15:05:14,553 - INFO - Data appended to data\parking_data_20250921.jsonl at 2025-09-21 15:05:14.553017 (4 garages)
2025-09-21 15:07:15,092 - INFO - Data appended to data\parking_data_20250921.jsonl at 2025-09-21 15:07:15.091897 (4 garages)
2025-09-21 15:09:15,623 - INFO - Data appended to data\parking_data_20250921.jsonl at 2025-09-21 15:09:15.623082 (4 garages)
2025-09-21 15:11:16,126 - INFO - Data appended to data\parking_data_20250921.jsonl at 2025-09-21 15:11:16.125918 (4 garages)
2025-09-21 15:13:16,665 - INFO - Data appended to data\parking_data_20250921.jsonl at 2025-09-21 15:13:16.665279 (4 garages)
2025-09-21 15:15:17,206 - INFO - Data appended to data\parking_data_20250921.jsonl at 2025-09-21 15:15:17.206003 (4 garages)
2025-09-21 15:17:17,714 - INFO - Data appended to data\parking_data_20250921.jsonl at 2025-09-21 15:17:17.713609 (4 garages)
2025-09-21 15:19:18,225 - INFO - Data appended to data\parking_data_20250921.jsonl at 2025-09-21 15:19:18.224595 (4 garages)
2025-09-21 15:21:18,722 - INFO - Data appended to data\parking_data_20250921.jsonl at 2025-09-21 15:21:18.722219 (4 garages)
2025-09-21 15:23:19,243 - INFO - Data appended to data\parking_data_20250921.jsonl at 2025-09-21 15:23:19.242722 (4 garages)
2025-09-21 15:25:19,753 - INFO - Data appended to data\parking_data_20250921.jsonl at 2025-09-21 15:25:19.753027 (4 garages)
2025-09-21 15:27:20,296 - INFO - Data appended to data\parking_data_20250921.jsonl at 2025-09-21 15:27:20.295699 (4 garages)
2025-09-21 15:29:21,116 - INFO - Data appended to data\parking_data_20250921.jsonl at 2025-09-21 15:29:21.115732 (4 garages)
2025-09-21 15:31:21,636 - INFO - Data appended to data\parking_data_20250921.jsonl at 2025-09-21 15:31:21.636202 (4 garages)
2025-09-21 15:33:22,188 - INFO - Data appended to data\parking_data_20250921.jsonl at 2025-09-21 15:33:22.187683 (4 garages)
2025-09-21 15:35:22,700 - INFO - Data appended to data\parking_data_20250921.jsonl at 2025-09-21 15:35:22.700220 (4 garages)
2025-09-21 15:37:23,218 - INFO - Data appended to data\parking_data_20250921.jsonl at 2025-09-21 15:37:23.218390 (4 garages)
2025-09-21 15:39:23,747 - INFO - Data appended to data\parking_data_20250921.jsonl at 2025-09-21 15:39:23.746552 (4 garages)
2025-09-21 15:41:24,801 - INFO - Data appended to data\parking_data_20250921.jsonl at 2025-09-21 15:41:24.800772 (4 garages)
2025-09-21 15:43:25,316 - INFO - Data appended to data\parking_data_20250921.jsonl at 2025-09-21 15:43:25.315897 (4 garages)
2025-09-21 15:45:25,897 - INFO - Data appended to data\parking_data_20250921.jsonl at 2025-09-21 15:45:25.895817 (4 garages)
2025-09-21 15:47:26,416 - INFO - Data appended to data\parking_data_20250921.jsonl at 2025-09-21 15:47:26.415555 (4 garages)
2025-09-21 15:49:27,375 - INFO - Data appended to data\parking_data_20250921.jsonl at 2025-09-21 15:49:27.374654 (4 garages)
2025-09-21 15:51:27,912 - INFO - Data appended to data\parking_data_20250921.jsonl at 2025-09-21 15:51:27.912044 (4 garages)
2025-09-21 15:53:28,438 - INFO - Data appended to data\parking_data_20250921.jsonl at 2025-09-21 15:53:28.438126 (4 garages)
2025-09-21 15:55:28,950 - INFO - Data appended to data\parking_data_20250921.jsonl at 2025-09-21 15:55:28.949450 (4 garages)
2025-09-21 15:57:29,466 - INFO - Data appended to data\parking_data_20250921.jsonl at 2025-09-21 15:57:29.466498 (4 garages)
2025-09-21 15:59:30,000 - INFO - Data appended to data\parking_data_20250921.jsonl at 2025-09-21 15:59:29.999528 (4 garages)
2025-09-21 16:01:30,530 - INFO - Data appended to data\parking_data_20250921.jsonl at 2025-09-21 16:01:30.530486 (4 garages)
2025-09-21 16:03:31,063 - INFO - Data appended to data\parking_data_20250921.jsonl at 2025-09-21 16:03:31.063243 (4 garages)
2025-09-21 16:05:31,588 - INFO - Data appended to data\parking_data_20250921.jsonl at 2025-09-21 16:05:31.588087 (4 garages)
2025-09-21 16:07:32,148 - INFO - Data appended to data\parking_data_20250921.jsonl at 2025-09-21 16:07:32.148235 (4 garages)
2025-09-21 16:09:32,674 - INFO - Data appended to data\parking_data_20250921.jsonl at 2025-09-21 16:09:32.673941 (4 garages)
2025-09-21 16:11:33,639 - INFO - Data appended to data\parking_data_20250921.jsonl at 2025-09-21 16:11:33.638829 (4 garages)
2025-09-21 16:13:34,188 - INFO - Data appended to data\parking_data_20250921.jsonl at 2025-09-21 16:13:34.188264 (4 garages)
2025-09-21 16:15:34,706 - INFO - Data appended to data\parking_data_20250921.jsonl at 2025-09-21 16:15:34.705462 (4 garages)
2025-09-21 16:17:35,234 - INFO - Data appended to data\parking_data_20250921.jsonl at 2025-09-21 16:17:35.233820 (4 garages)
2025-09-21 16:19:36,219 - INFO - Data appended to data\parking_data_20250921.jsonl at 2025-09-21 16:19:36.218568 (4 garages)
2025-09-21 16:21:36,744 - INFO - Data appended to data\parking_data_20250921.jsonl at 2025-09-21 16:21:36.744198 (4 garages)
2025-09-21 16:23:37,277 - INFO - Data appended to data\parking_data_20250921.jsonl at 2025-09-21 16:23:37.276788 (4 garages)
2025-09-21 16:25:37,788 - INFO - Data appended to data\parking_data_20250921.jsonl at 2025-09-21 16:25:37.788240 (4 garages)
2025-09-21 16:27:38,359 - INFO - Data appended to data\parking_data_20250921.jsonl at 2025-09-21 16:27:38.356945 (4 garages)
2025-09-21 16:29:38,875 - INFO - Data appended to data\parking_data_20250921.jsonl at 2025-09-21 16:29:38.874918 (4 garages)
2025-09-21 16:31:39,416 - INFO - Data appended to data\parking_data_20250921.jsonl at 2025-09-21 16:31:39.415950 (4 garages)
2025-09-21 16:33:39,944 - INFO - Data appended to data\parking_data_20250921.jsonl at 2025-09-21 16:33:39.943387 (4 garages)
2025-09-21 16:35:40,474 - INFO - Data appended to data\parking_data_20250921.jsonl at 2025-09-21 16:35:40.474017 (4 garages)
2025-09-21 16:37:41,053 - INFO - Data appended to data\parking_data_20250921.jsonl at 2025-09-21 16:37:41.053479 (4 garages)
2025-09-21 16:39:42,058 - INFO - Data appended to data\parking_data_20250921.jsonl at 2025-09-21 16:39:42.057727 (4 garages)
2025-09-21 16:41:42,565 - INFO - Data appended to data\parking_data_20250921.jsonl at 2025-09-21 16:41:42.565065 (4 garages)
